This is pdfTeX, Version 3.14159265-2.6-1.40.19 (MiKTeX 2.9.6800 64-bit) (preloaded format=pdflatex 2018.9.21)  15 NOV 2018 22:32
entering extended mode
**./TFG.tex
(TFG.tex
LaTeX2e <2018-04-01> patch level 5
("C:\Users\jordo\AppData\Local\Programs\MiKTeX 2.9\tex\latex\base\book.cls"
Document Class: book 2014/09/29 v1.4h Standard LaTeX document class
("C:\Users\jordo\AppData\Local\Programs\MiKTeX 2.9\tex\latex\base\bk10.clo"
File: bk10.clo 2014/09/29 v1.4h Standard LaTeX file (size option)
)
\c@part=\count80
\c@chapter=\count81
\c@section=\count82
\c@subsection=\count83
\c@subsubsection=\count84
\c@paragraph=\count85
\c@subparagraph=\count86
\c@figure=\count87
\c@table=\count88
\abovecaptionskip=\skip41
\belowcaptionskip=\skip42
\bibindent=\dimen102
)
("C:\Users\jordo\AppData\Local\Programs\MiKTeX 2.9\tex\latex\listings\listings.
sty"
("C:\Users\jordo\AppData\Local\Programs\MiKTeX 2.9\tex\latex\graphics\keyval.st
y"
Package: keyval 2014/10/28 v1.15 key=value parser (DPC)
\KV@toks@=\toks14
)
\lst@mode=\count89
\lst@gtempboxa=\box26
\lst@token=\toks15
\lst@length=\count90
\lst@currlwidth=\dimen103
\lst@column=\count91
\lst@pos=\count92
\lst@lostspace=\dimen104
\lst@width=\dimen105
\lst@newlines=\count93
\lst@lineno=\count94
\lst@maxwidth=\dimen106

("C:\Users\jordo\AppData\Local\Programs\MiKTeX 2.9\tex\latex\listings\lstmisc.s
ty"
File: lstmisc.sty 2018/09/02 1.7 (Carsten Heinz)
\c@lstnumber=\count95
\lst@skipnumbers=\count96
\lst@framebox=\box27
)
("C:\Users\jordo\AppData\Local\Programs\MiKTeX 2.9\tex\latex\listings\listings.
cfg"
File: listings.cfg 2018/09/02 1.7 listings configuration
))
Package: listings 2018/09/02 1.7 (Carsten Heinz)

("C:\Users\jordo\AppData\Local\Programs\MiKTeX 2.9\tex\latex\base\inputenc.sty"
Package: inputenc 2018/04/06 v1.3b Input encoding file
\inpenc@prehook=\toks16
\inpenc@posthook=\toks17
) ("C:\Users\jordo\AppData\Local\Programs\MiKTeX 2.9\tex\generic\babel\babel.st
y"
Package: babel 2018/09/02 3.23 The Babel package

("C:\Users\jordo\AppData\Local\Programs\MiKTeX 2.9\tex\generic\babel\switch.def
"
File: switch.def 2018/09/02 3.23 Babel switching mechanism
)
*************************************
* Local config file bblopts.cfg used
*
("C:\Users\jordo\AppData\Local\Programs\MiKTeX 2.9\tex\latex\arabi\bblopts.cfg"
File: bblopts.cfg 2005/09/08 v0.1 add Arabic and Farsi to "declared" options of
 babel
)
("C:\Users\jordo\AppData\Local\Programs\MiKTeX 2.9\tex\latex\babel-english\engl
ish.ldf"
Language: english 2017/06/06 v3.3r English support from the babel system

("C:\Users\jordo\AppData\Local\Programs\MiKTeX 2.9\tex\generic\babel\babel.def"
File: babel.def 2018/09/02 3.23 Babel common definitions
\babel@savecnt=\count97
\U@D=\dimen107

("C:\Users\jordo\AppData\Local\Programs\MiKTeX 2.9\tex\generic\babel\txtbabel.d
ef")
\bbl@dirlevel=\count98
)
\l@canadian = a dialect from \language\l@american 
\l@australian = a dialect from \language\l@british 
\l@newzealand = a dialect from \language\l@british 
))
("C:\Users\jordo\AppData\Local\Programs\MiKTeX 2.9\tex\latex\tools\enumerate.st
y"
Package: enumerate 2015/07/23 v3.00 enumerate extensions (DPC)
\@enLab=\toks18
) ("C:\Users\jordo\AppData\Local\Programs\MiKTeX 2.9\tex\latex\float\float.sty"
Package: float 2001/11/08 v1.3d Float enhancements (AL)
\c@float@type=\count99
\float@exts=\toks19
\float@box=\box28
\@float@everytoks=\toks20
\@floatcapt=\box29
)
("C:\Users\jordo\AppData\Local\Programs\MiKTeX 2.9\tex\latex\multirow\multirow.
sty"
Package: multirow 2018/08/03 v2.3 Span multiple rows of a table
\multirow@colwidth=\skip43
\multirow@cntb=\count100
\multirow@dima=\skip44
\bigstrutjot=\dimen108
)
("C:\Users\jordo\AppData\Local\Programs\MiKTeX 2.9\tex\latex\amsmath\amsmath.st
y"
Package: amsmath 2017/09/02 v2.17a AMS math features
\@mathmargin=\skip45

For additional information on amsmath, use the `?' option.

("C:\Users\jordo\AppData\Local\Programs\MiKTeX 2.9\tex\latex\amsmath\amstext.st
y"
Package: amstext 2000/06/29 v2.01 AMS text

("C:\Users\jordo\AppData\Local\Programs\MiKTeX 2.9\tex\latex\amsmath\amsgen.sty
"
File: amsgen.sty 1999/11/30 v2.0 generic functions
\@emptytoks=\toks21
\ex@=\dimen109
))
("C:\Users\jordo\AppData\Local\Programs\MiKTeX 2.9\tex\latex\amsmath\amsbsy.sty
"
Package: amsbsy 1999/11/29 v1.2d Bold Symbols
\pmbraise@=\dimen110
)
("C:\Users\jordo\AppData\Local\Programs\MiKTeX 2.9\tex\latex\amsmath\amsopn.sty
"
Package: amsopn 2016/03/08 v2.02 operator names
)
\inf@bad=\count101
LaTeX Info: Redefining \frac on input line 213.
\uproot@=\count102
\leftroot@=\count103
LaTeX Info: Redefining \overline on input line 375.
\classnum@=\count104
\DOTSCASE@=\count105
LaTeX Info: Redefining \ldots on input line 472.
LaTeX Info: Redefining \dots on input line 475.
LaTeX Info: Redefining \cdots on input line 596.
\Mathstrutbox@=\box30
\strutbox@=\box31
\big@size=\dimen111
LaTeX Font Info:    Redeclaring font encoding OML on input line 712.
LaTeX Font Info:    Redeclaring font encoding OMS on input line 713.
\macc@depth=\count106
\c@MaxMatrixCols=\count107
\dotsspace@=\muskip10
\c@parentequation=\count108
\dspbrk@lvl=\count109
\tag@help=\toks22
\row@=\count110
\column@=\count111
\maxfields@=\count112
\andhelp@=\toks23
\eqnshift@=\dimen112
\alignsep@=\dimen113
\tagshift@=\dimen114
\tagwidth@=\dimen115
\totwidth@=\dimen116
\lineht@=\dimen117
\@envbody=\toks24
\multlinegap=\skip46
\multlinetaggap=\skip47
\mathdisplay@stack=\toks25
LaTeX Info: Redefining \[ on input line 2817.
LaTeX Info: Redefining \] on input line 2818.
)
("C:\Users\jordo\AppData\Local\Programs\MiKTeX 2.9\tex\latex\eurosym\eurosym.st
y"
Package: eurosym 1998/08/06 v1.1 European currency symbol ``Euro''
\@eurobox=\box32
) ("C:\Users\jordo\AppData\Local\Programs\MiKTeX 2.9\tex\latex\url\url.sty"
\Urlmuskip=\muskip11
Package: url 2013/09/16  ver 3.4  Verb mode for urls, etc.
)
("C:\Users\jordo\AppData\Local\Programs\MiKTeX 2.9\tex\latex\enumitem\enumitem.
sty"
Package: enumitem 2011/09/28 v3.5.2 Customized lists
\labelindent=\skip48
\enit@outerparindent=\dimen118
\enit@toks=\toks26
\enit@inbox=\box33
\enitdp@description=\count113
)
("C:\Users\jordo\AppData\Local\Programs\MiKTeX 2.9\tex\latex\graphics\rotating.
sty"
Package: rotating 2016/08/11 v2.16d rotated objects in LaTeX

("C:\Users\jordo\AppData\Local\Programs\MiKTeX 2.9\tex\latex\graphics\graphicx.
sty"
Package: graphicx 2017/06/01 v1.1a Enhanced LaTeX Graphics (DPC,SPQR)

("C:\Users\jordo\AppData\Local\Programs\MiKTeX 2.9\tex\latex\graphics\graphics.
sty"
Package: graphics 2017/06/25 v1.2c Standard LaTeX Graphics (DPC,SPQR)

("C:\Users\jordo\AppData\Local\Programs\MiKTeX 2.9\tex\latex\graphics\trig.sty"
Package: trig 2016/01/03 v1.10 sin cos tan (DPC)
)
("C:\Users\jordo\AppData\Local\Programs\MiKTeX 2.9\tex\latex\graphics-cfg\graph
ics.cfg"
File: graphics.cfg 2016/06/04 v1.11 sample graphics configuration
)
Package graphics Info: Driver file: pdftex.def on input line 99.

("C:\Users\jordo\AppData\Local\Programs\MiKTeX 2.9\tex\latex\graphics-def\pdfte
x.def"
File: pdftex.def 2018/01/08 v1.0l Graphics/color driver for pdftex
))
\Gin@req@height=\dimen119
\Gin@req@width=\dimen120
)
("C:\Users\jordo\AppData\Local\Programs\MiKTeX 2.9\tex\latex\base\ifthen.sty"
Package: ifthen 2014/09/29 v1.1c Standard LaTeX ifthen package (DPC)
)
\c@r@tfl@t=\count114
\rotFPtop=\skip49
\rotFPbot=\skip50
\rot@float@box=\box34
\rot@mess@toks=\toks27
) ("C:\Users\jordo\AppData\Local\Programs\MiKTeX 2.9\tex\latex\tools\verbatim.s
ty"
Package: verbatim 2014/10/28 v1.5q LaTeX2e package for verbatim enhancements
\every@verbatim=\toks28
\verbatim@line=\toks29
\verbatim@in@stream=\read1
)
("C:\Users\jordo\AppData\Local\Programs\MiKTeX 2.9\tex\latex\fancyhdr\fancyhdr.
sty"
Package: fancyhdr 2017/06/30 v3.9a Extensive control of page headers and footer
s
\f@nch@headwidth=\skip51
\f@nch@O@elh=\skip52
\f@nch@O@erh=\skip53
\f@nch@O@olh=\skip54
\f@nch@O@orh=\skip55
\f@nch@O@elf=\skip56
\f@nch@O@erf=\skip57
\f@nch@O@olf=\skip58
\f@nch@O@orf=\skip59
)
("C:\Users\jordo\AppData\Local\Programs\MiKTeX 2.9\tex\latex\tools\afterpage.st
y"
Package: afterpage 2014/10/28 v1.08 After-Page Package (DPC)
\AP@output=\toks30
\AP@partial=\box35
\AP@footins=\box36
)
("C:\Users\jordo\AppData\Local\Programs\MiKTeX 2.9\tex\latex\tools\longtable.st
y"
Package: longtable 2014/10/28 v4.11 Multi-page Table package (DPC)
\LTleft=\skip60
\LTright=\skip61
\LTpre=\skip62
\LTpost=\skip63
\LTchunksize=\count115
\LTcapwidth=\dimen121
\LT@head=\box37
\LT@firsthead=\box38
\LT@foot=\box39
\LT@lastfoot=\box40
\LT@cols=\count116
\LT@rows=\count117
\c@LT@tables=\count118
\c@LT@chunks=\count119
\LT@p@ftn=\toks31
)
("C:\Users\jordo\AppData\Local\Programs\MiKTeX 2.9\tex\latex\hyperref\hyperref.
sty"
Package: hyperref 2018/02/06 v6.86b Hypertext links for LaTeX

("C:\Users\jordo\AppData\Local\Programs\MiKTeX 2.9\tex\generic\oberdiek\hobsub-
hyperref.sty"
Package: hobsub-hyperref 2016/05/16 v1.14 Bundle oberdiek, subset hyperref (HO)


("C:\Users\jordo\AppData\Local\Programs\MiKTeX 2.9\tex\generic\oberdiek\hobsub-
generic.sty"
Package: hobsub-generic 2016/05/16 v1.14 Bundle oberdiek, subset generic (HO)
Package: hobsub 2016/05/16 v1.14 Construct package bundles (HO)
Package: infwarerr 2016/05/16 v1.4 Providing info/warning/error messages (HO)
Package: ltxcmds 2016/05/16 v1.23 LaTeX kernel commands for general use (HO)
Package: ifluatex 2016/05/16 v1.4 Provides the ifluatex switch (HO)
Package ifluatex Info: LuaTeX not detected.
Package: ifvtex 2016/05/16 v1.6 Detect VTeX and its facilities (HO)
Package ifvtex Info: VTeX not detected.
Package: intcalc 2016/05/16 v1.2 Expandable calculations with integers (HO)
Package: ifpdf 2018/09/07 v3.3 Provides the ifpdf switch
Package: etexcmds 2016/05/16 v1.6 Avoid name clashes with e-TeX commands (HO)
Package etexcmds Info: Could not find \expanded.
(etexcmds)             That can mean that you are not using pdfTeX 1.50 or
(etexcmds)             that some package has redefined \expanded.
(etexcmds)             In the latter case, load this package earlier.
Package: kvsetkeys 2016/05/16 v1.17 Key value parser (HO)
Package: kvdefinekeys 2016/05/16 v1.4 Define keys (HO)
Package: pdftexcmds 2018/09/10 v0.29 Utility functions of pdfTeX for LuaTeX (HO
)
Package pdftexcmds Info: LuaTeX not detected.
Package pdftexcmds Info: \pdf@primitive is available.
Package pdftexcmds Info: \pdf@ifprimitive is available.
Package pdftexcmds Info: \pdfdraftmode found.
Package: pdfescape 2016/05/16 v1.14 Implements pdfTeX's escape features (HO)
Package: bigintcalc 2016/05/16 v1.4 Expandable calculations on big integers (HO
)
Package: bitset 2016/05/16 v1.2 Handle bit-vector datatype (HO)
Package: uniquecounter 2016/05/16 v1.3 Provide unlimited unique counter (HO)
)
Package hobsub Info: Skipping package `hobsub' (already loaded).
Package: letltxmacro 2016/05/16 v1.5 Let assignment for LaTeX macros (HO)
Package: hopatch 2016/05/16 v1.3 Wrapper for package hooks (HO)
Package: xcolor-patch 2016/05/16 xcolor patch
Package: atveryend 2016/05/16 v1.9 Hooks at the very end of document (HO)
Package atveryend Info: \AP@enddocument detected (standard20110627).
Package: atbegshi 2016/06/09 v1.18 At begin shipout hook (HO)
Package: refcount 2016/05/16 v3.5 Data extraction from label references (HO)
Package: hycolor 2016/05/16 v1.8 Color options for hyperref/bookmark (HO)
)
("C:\Users\jordo\AppData\Local\Programs\MiKTeX 2.9\tex\generic\ifxetex\ifxetex.
sty"
Package: ifxetex 2010/09/12 v0.6 Provides ifxetex conditional
)
("C:\Users\jordo\AppData\Local\Programs\MiKTeX 2.9\tex\latex\oberdiek\auxhook.s
ty"
Package: auxhook 2016/05/16 v1.4 Hooks for auxiliary files (HO)
)
("C:\Users\jordo\AppData\Local\Programs\MiKTeX 2.9\tex\latex\oberdiek\kvoptions
.sty"
Package: kvoptions 2016/05/16 v3.12 Key value format for package options (HO)
)
\@linkdim=\dimen122
\Hy@linkcounter=\count120
\Hy@pagecounter=\count121

("C:\Users\jordo\AppData\Local\Programs\MiKTeX 2.9\tex\latex\hyperref\pd1enc.de
f"
File: pd1enc.def 2018/02/06 v6.86b Hyperref: PDFDocEncoding definition (HO)
Now handling font encoding PD1 ...
... no UTF-8 mapping file for font encoding PD1
)
\Hy@SavedSpaceFactor=\count122

("C:\Users\jordo\AppData\Local\Programs\MiKTeX 2.9\tex\latex\00miktex\hyperref.
cfg"
File: hyperref.cfg 2002/06/06 v1.2 hyperref configuration of TeXLive
)

Package hyperref Warning: Invalid value `000'
(hyperref)                for option `pdfborder'.
(hyperref)                Option setting is ignored on input line 4383.

Package hyperref Info: Hyper figures OFF on input line 4509.
Package hyperref Info: Link nesting OFF on input line 4514.
Package hyperref Info: Hyper index ON on input line 4517.
Package hyperref Info: Plain pages OFF on input line 4524.
Package hyperref Info: Backreferencing OFF on input line 4529.
Package hyperref Info: Implicit mode ON; LaTeX internals redefined.
Package hyperref Info: Bookmarks ON on input line 4762.
\c@Hy@tempcnt=\count123
LaTeX Info: Redefining \url on input line 5115.
\XeTeXLinkMargin=\dimen123
\Fld@menulength=\count124
\Field@Width=\dimen124
\Fld@charsize=\dimen125
Package hyperref Info: Hyper figures OFF on input line 6369.
Package hyperref Info: Link nesting OFF on input line 6374.
Package hyperref Info: Hyper index ON on input line 6377.
Package hyperref Info: backreferencing OFF on input line 6384.
Package hyperref Info: Link coloring OFF on input line 6389.
Package hyperref Info: Link coloring with OCG OFF on input line 6394.
Package hyperref Info: PDF/A mode OFF on input line 6399.
LaTeX Info: Redefining \ref on input line 6439.
LaTeX Info: Redefining \pageref on input line 6443.
\Hy@abspage=\count125
\c@Item=\count126
\c@Hfootnote=\count127
)
Package hyperref Info: Driver (autodetected): hpdftex.

("C:\Users\jordo\AppData\Local\Programs\MiKTeX 2.9\tex\latex\hyperref\hpdftex.d
ef"
File: hpdftex.def 2018/02/06 v6.86b Hyperref driver for pdfTeX
\Fld@listcount=\count128
\c@bookmark@seq@number=\count129

("C:\Users\jordo\AppData\Local\Programs\MiKTeX 2.9\tex\latex\oberdiek\rerunfile
check.sty"
Package: rerunfilecheck 2016/05/16 v1.8 Rerun checks for auxiliary files (HO)
Package uniquecounter Info: New unique counter `rerunfilecheck' on input line 2
82.
)
\Hy@SectionHShift=\skip64
)

Package hyperref Warning: Token not allowed in a PDF string (PDFDocEncoding):
(hyperref)                removing `subscript' on input line 60.


Package hyperref Warning: Token not allowed in a PDF string (PDFDocEncoding):
(hyperref)                removing `subscript' on input line 60.


Package hyperref Warning: Token not allowed in a PDF string (PDFDocEncoding):
(hyperref)                removing `subscript' on input line 60.


("C:\Users\jordo\AppData\Local\Programs\MiKTeX 2.9\tex\latex\colortbl\colortbl.
sty"
Package: colortbl 2018/05/02 v1.0c Color table columns (DPC)

("C:\Users\jordo\AppData\Local\Programs\MiKTeX 2.9\tex\latex\tools\array.sty"
Package: array 2018/04/30 v2.4h Tabular extension package (FMi)
\col@sep=\dimen126
\ar@mcellbox=\box41
\extrarowheight=\dimen127
\NC@list=\toks32
\extratabsurround=\skip65
\backup@length=\skip66
\ar@cellbox=\box42
)
("C:\Users\jordo\AppData\Local\Programs\MiKTeX 2.9\tex\latex\graphics\color.sty
"
Package: color 2016/07/10 v1.1e Standard LaTeX Color (DPC)

("C:\Users\jordo\AppData\Local\Programs\MiKTeX 2.9\tex\latex\graphics-cfg\color
.cfg"
File: color.cfg 2016/01/02 v1.6 sample color configuration
)
Package color Info: Driver file: pdftex.def on input line 147.
)
\everycr=\toks33
\minrowclearance=\skip67
)
("C:\Users\jordo\AppData\Local\Programs\MiKTeX 2.9\tex\latex\footmisc\footmisc.
sty"
Package: footmisc 2011/06/06 v5.5b a miscellany of footnote facilities
\FN@temptoken=\toks34
\footnotemargin=\dimen128
\c@pp@next@reset=\count130
Package footmisc Info: Declaring symbol style bringhurst on input line 855.
Package footmisc Info: Declaring symbol style chicago on input line 863.
Package footmisc Info: Declaring symbol style wiley on input line 872.
Package footmisc Info: Declaring symbol style lamport-robust on input line 883.

Package footmisc Info: Declaring symbol style lamport* on input line 903.
Package footmisc Info: Declaring symbol style lamport*-robust on input line 924
.
)
("C:\Users\jordo\AppData\Local\Programs\MiKTeX 2.9\tex\latex\xcolor\xcolor.sty"
Package: xcolor 2016/05/11 v2.12 LaTeX color extensions (UK)

("C:\Users\jordo\AppData\Local\Programs\MiKTeX 2.9\tex\latex\graphics-cfg\color
.cfg"
File: color.cfg 2016/01/02 v1.6 sample color configuration
)
Package xcolor Info: Driver file: pdftex.def on input line 225.
LaTeX Info: Redefining \color on input line 709.
\rownum=\count131
Package xcolor Info: Model `cmy' substituted by `cmy0' on input line 1348.
Package xcolor Info: Model `hsb' substituted by `rgb' on input line 1352.
Package xcolor Info: Model `RGB' extended on input line 1364.
Package xcolor Info: Model `HTML' substituted by `rgb' on input line 1366.
Package xcolor Info: Model `Hsb' substituted by `hsb' on input line 1367.
Package xcolor Info: Model `tHsb' substituted by `hsb' on input line 1368.
Package xcolor Info: Model `HSB' substituted by `hsb' on input line 1369.
Package xcolor Info: Model `Gray' substituted by `gray' on input line 1370.
Package xcolor Info: Model `wave' substituted by `hsb' on input line 1371.
)
("C:\Users\jordo\AppData\Local\Programs\MiKTeX 2.9\tex\latex\booktabs\booktabs.
sty"
Package: booktabs 2005/04/14 v1.61803 publication quality tables
\heavyrulewidth=\dimen129
\lightrulewidth=\dimen130
\cmidrulewidth=\dimen131
\belowrulesep=\dimen132
\belowbottomsep=\dimen133
\aboverulesep=\dimen134
\abovetopsep=\dimen135
\cmidrulesep=\dimen136
\cmidrulekern=\dimen137
\defaultaddspace=\dimen138
\@cmidla=\count132
\@cmidlb=\count133
\@aboverulesep=\dimen139
\@belowrulesep=\dimen140
\@thisruleclass=\count134
\@lastruleclass=\count135
\@thisrulewidth=\dimen141
)
("C:\Users\jordo\AppData\Local\Programs\MiKTeX 2.9\tex\latex\subfigure\subfigur
e.sty"
Package: subfigure 2002/07/30 v2.1.4 subfigure package
\subfigtopskip=\skip68
\subfigcapskip=\skip69
\subfigcaptopadj=\dimen142
\subfigbottomskip=\skip70
\subfigcapmargin=\dimen143
\subfiglabelskip=\skip71
\c@subfigure=\count136
\c@lofdepth=\count137
\c@subtable=\count138
\c@lotdepth=\count139

****************************************
* Local config file subfigure.cfg used *
****************************************

("C:\Users\jordo\AppData\Local\Programs\MiKTeX 2.9\tex\latex\subfigure\subfigur
e.cfg")
\subfig@top=\skip72
\subfig@bottom=\skip73
)
\c@teorema=\count140
\c@ejemplo=\count141
\c@definicion=\count142

("C:\Users\jordo\AppData\Local\Programs\MiKTeX 2.9\tex\latex\pdfpages\pdfpages.
sty"
Package: pdfpages 2017/10/31 v0.5l Insert pages of external PDF documents (AM)
 ("C:\Users\jordo\AppData\Local\Programs\MiKTeX 2.9\tex\latex\tools\calc.sty"
Package: calc 2017/05/25 v4.3 Infix arithmetic (KKT,FJ)
\calc@Acount=\count143
\calc@Bcount=\count144
\calc@Adimen=\dimen144
\calc@Bdimen=\dimen145
\calc@Askip=\skip74
\calc@Bskip=\skip75
LaTeX Info: Redefining \setlength on input line 80.
LaTeX Info: Redefining \addtolength on input line 81.
\calc@Ccount=\count145
\calc@Cskip=\skip76
)
("C:\Users\jordo\AppData\Local\Programs\MiKTeX 2.9\tex\latex\eso-pic\eso-pic.st
y"
Package: eso-pic 2018/04/12 v2.0h eso-pic (RN)
)
\AM@pagewidth=\dimen146
\AM@pageheight=\dimen147

("C:\Users\jordo\AppData\Local\Programs\MiKTeX 2.9\tex\latex\pdfpages\pppdftex.
def"
File: pppdftex.def 2017/10/31 v0.5l Pdfpages driver for pdfTeX (AM)
)
\AM@pagebox=\box43
\AM@global@opts=\toks35
\AM@toc@title=\toks36
\c@AM@survey=\count146
\AM@templatesizebox=\box44
)
("C:\Users\jordo\AppData\Local\Programs\MiKTeX 2.9\tex\latex\caption\caption.st
y"
Package: caption 2018/05/01 v3.3-147 Customizing captions (AR)

("C:\Users\jordo\AppData\Local\Programs\MiKTeX 2.9\tex\latex\caption\caption3.s
ty"
Package: caption3 2018/05/27 v1.8a caption3 kernel (AR)
Package caption3 Info: TeX engine: e-TeX on input line 64.
\captionmargin=\dimen148
\captionmargin@=\dimen149
\captionwidth=\dimen150
\caption@tempdima=\dimen151
\caption@indent=\dimen152
\caption@parindent=\dimen153
\caption@hangindent=\dimen154
)
\c@ContinuedFloat=\count147
Package caption Info: float package is loaded.
Package caption Info: hyperref package is loaded.
Package caption Info: listings package is loaded.
Package caption Info: longtable package is loaded.

("C:\Users\jordo\AppData\Local\Programs\MiKTeX 2.9\tex\latex\caption\ltcaption.
sty"
Package: ltcaption 2013/06/09 v1.4-94 longtable captions (AR)
)
Package caption Info: rotating package is loaded.
Package caption Info: subfigure package is loaded.
) (TFG.aux)
\openout1 = `TFG.aux'.

LaTeX Font Info:    Checking defaults for OML/cmm/m/it on input line 184.
LaTeX Font Info:    ... okay on input line 184.
LaTeX Font Info:    Checking defaults for T1/cmr/m/n on input line 184.
LaTeX Font Info:    ... okay on input line 184.
LaTeX Font Info:    Checking defaults for OT1/cmr/m/n on input line 184.
LaTeX Font Info:    ... okay on input line 184.
LaTeX Font Info:    Checking defaults for OMS/cmsy/m/n on input line 184.
LaTeX Font Info:    ... okay on input line 184.
LaTeX Font Info:    Checking defaults for OMX/cmex/m/n on input line 184.
LaTeX Font Info:    ... okay on input line 184.
LaTeX Font Info:    Checking defaults for U/cmr/m/n on input line 184.
LaTeX Font Info:    ... okay on input line 184.
LaTeX Font Info:    Checking defaults for PD1/pdf/m/n on input line 184.
LaTeX Font Info:    ... okay on input line 184.
\c@lstlisting=\count148

("C:\Users\jordo\AppData\Local\Programs\MiKTeX 2.9\tex\context\base\supp-pdf.mk
ii"
[Loading MPS to PDF converter (version 2006.09.02).]
\scratchcounter=\count149
\scratchdimen=\dimen155
\scratchbox=\box45
\nofMPsegments=\count150
\nofMParguments=\count151
\everyMPshowfont=\toks37
\MPscratchCnt=\count152
\MPscratchDim=\dimen156
\MPnumerator=\count153
\makeMPintoPDFobject=\count154
\everyMPtoPDFconversion=\toks38
)
("C:\Users\jordo\AppData\Local\Programs\MiKTeX 2.9\tex\latex\oberdiek\epstopdf-
base.sty"
Package: epstopdf-base 2016/05/15 v2.6 Base part for package epstopdf

("C:\Users\jordo\AppData\Local\Programs\MiKTeX 2.9\tex\latex\oberdiek\grfext.st
y"
Package: grfext 2016/05/16 v1.2 Manage graphics extensions (HO)
)
Package epstopdf-base Info: Redefining graphics rule for `.eps' on input line 4
38.
Package grfext Info: Graphics extension search list:
(grfext)             [.pdf,.png,.jpg,.mps,.jpeg,.jbig2,.jb2,.PDF,.PNG,.JPG,.JPE
G,.JBIG2,.JB2,.eps]
(grfext)             \AppendGraphicsExtensions on input line 456.
)
\AtBeginShipoutBox=\box46
Package hyperref Info: Link coloring OFF on input line 184.

("C:\Users\jordo\AppData\Local\Programs\MiKTeX 2.9\tex\latex\hyperref\nameref.s
ty"
Package: nameref 2016/05/21 v2.44 Cross-referencing by name of section

("C:\Users\jordo\AppData\Local\Programs\MiKTeX 2.9\tex\generic\oberdiek\gettitl
estring.sty"
Package: gettitlestring 2016/05/16 v1.5 Cleanup title references (HO)
)
\c@section@level=\count155
)
LaTeX Info: Redefining \ref on input line 184.
LaTeX Info: Redefining \pageref on input line 184.
LaTeX Info: Redefining \nameref on input line 184.
 (TFG.out) (TFG.out)
\@outlinefile=\write3
\openout3 = `TFG.out'.


("C:\Users\jordo\AppData\Local\Programs\MiKTeX 2.9\tex\latex\oberdiek\pdflscape
.sty"
Package: pdflscape 2016/05/14 v0.11 Display of landscape pages in PDF (HO)

("C:\Users\jordo\AppData\Local\Programs\MiKTeX 2.9\tex\latex\graphics\lscape.st
y"
Package: lscape 2000/10/22 v3.01 Landscape Pages (DPC)
)
Package pdflscape Info: Auto-detected driver: pdftex on input line 81.
)
Package caption Info: Begin \AtBeginDocument code.
Package caption Info: End \AtBeginDocument code.
 (portada/portada.tex
\centeroffset=\skip77
Package epstopdf Info: Source file: <imagenes/logo_ugr.eps>
(epstopdf)                    date: 2017-03-11 12:38:24
(epstopdf)                    size: 235554 bytes
(epstopdf)             Output file: <imagenes/logo_ugr-eps-converted-to.pdf>
(epstopdf)                    date: 2018-06-04 12:59:07
(epstopdf)                    size: 49928 bytes
(epstopdf)             Command: <epstopdf --outfile=imagenes/logo_ugr-eps-conve
rted-to.pdf imagenes/logo_ugr.eps>
(epstopdf)             \includegraphics on input line 12.
Package epstopdf Info: Output file is already uptodate.
<imagenes/logo_ugr-eps-converted-to.pdf, id=171, 86.3225pt x 25.09375pt>
File: imagenes/logo_ugr-eps-converted-to.pdf Graphic file (type pdf)
<use imagenes/logo_ugr-eps-converted-to.pdf>
Package pdftex.def Info: imagenes/logo_ugr-eps-converted-to.pdf  used on input 
line 12.
(pdftex.def)             Requested size: 310.4979pt x 90.27113pt.

Overfull \hbox (25.5pt too wide) in paragraph at lines 9--25
| $[]$ 
 []

<imagenes/etsiit_logo.png, id=172, 110.814pt x 40.4712pt>
File: imagenes/etsiit_logo.png Graphic file (type png)
<use imagenes/etsiit_logo.png>
Package pdftex.def Info: imagenes/etsiit_logo.png  used on input line 34.
(pdftex.def)             Requested size: 103.50105pt x 37.80023pt.

Overfull \hbox (25.5pt too wide) in paragraph at lines 27--41
| $[]$ 
 []

[1


{C:/Users/jordo/AppData/Local/MiKTeX/2.9/pdftex/config/pdftex.map} <./imagenes/
logo_ugr-eps-converted-to.pdf> <./imagenes/etsiit_logo.png>])
(prefacios/prefacio.tex [2

] (portada/portada_2.tex [3] [4

]
Overfull \hbox (25.5pt too wide) in paragraph at lines 8--28
| $[]$ 
 []


Overfull \hbox (25.5pt too wide) in paragraph at lines 30--44
| $[]$
 []

pdfTeX warning (ext4): destination with the same identifier (name{page.1}) has 
been already used, duplicate ignored
<to be read again> 
                   \relax 
l.46 \end{titlepage}
                     [1])pdfTeX warning (ext4): destination with the same ident
ifier (name{page.2}) has been already used, duplicate ignored
<to be read again> 
                   \relax 
l.11 \cleardoublepage
                      [2

]
Overfull \hbox (11.34897pt too wide) in paragraph at lines 22--23
\OT1/cmr/bx/n/10 Key words\OT1/cmr/m/n/10 : FPGA, IceS-tu-dio, IceZu-mAl-ham-br
a, mi-cro-con-troller, Self-Balancing,
 []


Underfull \hbox (badness 10000) in paragraph at lines 22--23

 []


Underfull \hbox (badness 10000) in paragraph at lines 25--26

 []

pdfTeX warning (ext4): destination with the same identifier (name{page.3}) has 
been already used, duplicate ignored
<to be read again> 
                   \relax 
l.28 \cleardoublepage
                      [3]pdfTeX warning (ext4): destination with the same ident
ifier (name{page.4}) has been already used, duplicate ignored
<to be read again> 
                   \relax 
l.28 \cleardoublepage
                      [4

]
Underfull \hbox (badness 10000) in paragraph at lines 33--34

 []

[5

] [6

]
Underfull \hbox (badness 10000) in paragraph at lines 52--53

 []

[7] [8

]) [9] [10

] (TFG.toc [11])
\tf@toc=\write4
\openout4 = `TFG.toc'.

 [12] (TFG.lof [13

] [14])
\tf@lof=\write5
\openout5 = `TFG.lof'.

 [15] [16

] (TFG.lot)
\tf@lot=\write6
\openout6 = `TFG.lot'.


(capitulos/01_Introduccion.tex [17] [18

]
Chapter 1.

Package hyperref Warning: Difference (2) between bookmark levels is greater 
(hyperref)                than one, level fixed on input line 2.


Underfull \hbox (badness 10000) in paragraph at lines 3--4

 []


Underfull \hbox (badness 10000) in paragraph at lines 5--6

 []


Underfull \hbox (badness 10000) in paragraph at lines 7--8

 []


Underfull \hbox (badness 10000) in paragraph at lines 9--10

 []

LaTeX Font Info:    Try loading font information for OMS+cmr on input line 13.
("C:\Users\jordo\AppData\Local\Programs\MiKTeX 2.9\tex\latex\base\omscmr.fd"
File: omscmr.fd 2014/09/29 v2.5h Standard LaTeX font definitions
)
LaTeX Font Info:    Font shape `OMS/cmr/m/n' in size <10> not available
(Font)              Font shape `OMS/cmsy/m/n' tried instead on input line 13.

Overfull \hbox (0.83406pt too wide) in paragraph at lines 13--14
[]\OT1/cmr/m/n/10 Ability to un-der-stand and im-ple-ment all kinds of robotic 
be-hav-iors through
 []

[19]
Overfull \hbox (7.94508pt too wide) in paragraph at lines 17--18
[]\OT1/cmr/m/n/10 Ability to de-sign and con-struct me-chan-i-cal struc-tures b
y us-ing SolidWorks[[]]
 []



pdfTeX warning: pdflatex.exe (file ./imagenes/Introduction/Gantt.pdf): PDF incl
usion: found PDF version <1.7>, but at most version <1.5> allowed
<imagenes/Introduction/Gantt.pdf, id=532, 597.55246pt x 845.07718pt>
File: imagenes/Introduction/Gantt.pdf Graphic file (type pdf)
<use imagenes/Introduction/Gantt.pdf>
Package pdftex.def Info: imagenes/Introduction/Gantt.pdf  used on input line 25
.
(pdftex.def)             Requested size: 497.96663pt x 318.70044pt.
[20]
Underfull \hbox (badness 10000) in paragraph at lines 32--33

 []

[21 <./imagenes/Introduction/Gantt.pdf>]
<imagenes/Introduction/github.jpg, id=608, 636.3775pt x 310.15875pt>
File: imagenes/Introduction/github.jpg Graphic file (type jpg)
<use imagenes/Introduction/github.jpg>
Package pdftex.def Info: imagenes/Introduction/github.jpg  used on input line 3
6.
(pdftex.def)             Requested size: 254.5465pt x 124.0613pt.

Underfull \hbox (badness 10000) in paragraph at lines 42--46

 []


Underfull \hbox (badness 10000) in paragraph at lines 47--48

 []

<imagenes/Introduction/CapturaGit.png, id=612, 817.55438pt x 651.93562pt>
File: imagenes/Introduction/CapturaGit.png Graphic file (type png)
<use imagenes/Introduction/CapturaGit.png>
Package pdftex.def Info: imagenes/Introduction/CapturaGit.png  used on input li
ne 53.
(pdftex.def)             Requested size: 408.7762pt x 325.96701pt.

Overfull \hbox (63.7762pt too wide) in paragraph at lines 53--54
 [] 
 []

[22 <./imagenes/Introduction/github.jpg>]
Underfull \hbox (badness 10000) in paragraph at lines 58--59

 []

<imagenes/Introduction/appear.png, id=623, 513.92pt x 513.92pt>
File: imagenes/Introduction/appear.png Graphic file (type png)
<use imagenes/Introduction/appear.png>
Package pdftex.def Info: imagenes/Introduction/appear.png  used on input line 6
4.
(pdftex.def)             Requested size: 154.17719pt x 154.17719pt.
[23 <./imagenes/Introduction/CapturaGit.png>]
Underfull \hbox (badness 10000) in paragraph at lines 71--73

 []


Underfull \hbox (badness 10000) in paragraph at lines 74--75

 []


Underfull \hbox (badness 10000) in paragraph at lines 76--77

 []

) (capitulos/02_EstadoDelArte.tex [24 <./imagenes/Introduction/appear.png (PNG 
copy)>]
Chapter 2.


pdfTeX warning: pdflatex.exe (file ./imagenes/EstadoArte/estructura_FPGA.pdf): 
PDF inclusion: found PDF version <1.7>, but at most version <1.5> allowed
<imagenes/EstadoArte/estructura_FPGA.pdf, id=643, 800.9925pt x 619.35388pt>
File: imagenes/EstadoArte/estructura_FPGA.pdf Graphic file (type pdf)
<use imagenes/EstadoArte/estructura_FPGA.pdf>
Package pdftex.def Info: imagenes/EstadoArte/estructura_FPGA.pdf  used on input
 line 9.
(pdftex.def)             Requested size: 320.39133pt x 224.97537pt.
[25

 <./imagenes/EstadoArte/estructura_FPGA.pdf>]
Underfull \hbox (badness 10000) in paragraph at lines 27--28

 []

<imagenes/EstadoArte/MooresLaw.png, id=739, 477.785pt x 382.42876pt>
File: imagenes/EstadoArte/MooresLaw.png Graphic file (type png)
<use imagenes/EstadoArte/MooresLaw.png>
Package pdftex.def Info: imagenes/EstadoArte/MooresLaw.png  used on input line 
34.
(pdftex.def)             Requested size: 334.44722pt x 267.69829pt.

Underfull \hbox (badness 10000) in paragraph at lines 29--37

 []

[26] [27 <./imagenes/EstadoArte/MooresLaw.png (PNG copy)>]
Underfull \hbox (badness 10000) in paragraph at lines 44--46

 []



pdfTeX warning: pdflatex.exe (file ./imagenes/EstadoArte/pld_fpga.pdf): PDF inc
lusion: found PDF version <1.7>, but at most version <1.5> allowed
<imagenes/EstadoArte/pld_fpga.pdf, id=753, 799.06532pt x 617.30624pt>
File: imagenes/EstadoArte/pld_fpga.pdf Graphic file (type pdf)
<use imagenes/EstadoArte/pld_fpga.pdf>
Package pdftex.def Info: imagenes/EstadoArte/pld_fpga.pdf  used on input line 4
9.
(pdftex.def)             Requested size: 296.85867pt x 167.25182pt.

Underfull \hbox (badness 10000) in paragraph at lines 56--57

 []


Underfull \hbox (badness 10000) in paragraph at lines 66--67

 []


Underfull \hbox (badness 10000) in paragraph at lines 68--69

 []

[28 <./imagenes/EstadoArte/pld_fpga.pdf>]
Underfull \hbox (badness 10000) in paragraph at lines 70--71

 []


Underfull \hbox (badness 10000) in paragraph at lines 72--73

 []


Underfull \hbox (badness 10000) in paragraph at lines 83--84

 []

[29]
Overfull \hbox (2.86165pt too wide) in paragraph at lines 99--100
\OT1/cmr/m/n/10 In most cases and in or-der not to lose the ab-strac-tion level
, a project in Verilog[[]]
 []


Underfull \hbox (badness 10000) in paragraph at lines 99--100

 []



pdfTeX warning: pdflatex.exe (file ./imagenes/EstadoArte/procesos_paralelo.pdf)
: PDF inclusion: found PDF version <1.7>, but at most version <1.5> allowed
<imagenes/EstadoArte/procesos_paralelo.pdf, id=830, 799.06532pt x 617.30624pt>
File: imagenes/EstadoArte/procesos_paralelo.pdf Graphic file (type pdf)
<use imagenes/EstadoArte/procesos_paralelo.pdf>
Package pdftex.def Info: imagenes/EstadoArte/procesos_paralelo.pdf  used on inp
ut line 115.
(pdftex.def)             Requested size: 239.72144pt x 185.1933pt.
[30 <./imagenes/EstadoArte/procesos_paralelo.pdf>] [31]
Underfull \hbox (badness 10000) in paragraph at lines 152--154

 []


Underfull \hbox (badness 10000) in paragraph at lines 155--157

 []


Overfull \hbox (4.3061pt too wide) in paragraph at lines 158--160
[]\OT1/cmr/m/n/10 This is why Clif-ford Wolf de-cided to in-ter-pret the bytest
ream of the Lattice[[]]
 []


Underfull \hbox (badness 10000) in paragraph at lines 161--162

 []

<imagenes/EstadoArte/lattice.png, id=886, 301.125pt x 302.12875pt>
File: imagenes/EstadoArte/lattice.png Graphic file (type png)
<use imagenes/EstadoArte/lattice.png>
Package pdftex.def Info: imagenes/EstadoArte/lattice.png  used on input line 16
7.
(pdftex.def)             Requested size: 120.44786pt x 120.84935pt.
[32 <./imagenes/EstadoArte/lattice.png>]
<imagenes/EstadoArte/tinyFPGABX.jpg, id=900, 1505.625pt x 1129.21875pt>
File: imagenes/EstadoArte/tinyFPGABX.jpg Graphic file (type jpg)
<use imagenes/EstadoArte/tinyFPGABX.jpg>
Package pdftex.def Info: imagenes/EstadoArte/tinyFPGABX.jpg  used on input line
 177.
(pdftex.def)             Requested size: 225.834pt x 169.3755pt.
<imagenes/EstadoArte/BlackIce.jpg, id=902, 1204.5pt x 1204.5pt>
File: imagenes/EstadoArte/BlackIce.jpg Graphic file (type jpg)
<use imagenes/EstadoArte/BlackIce.jpg>
Package pdftex.def Info: imagenes/EstadoArte/BlackIce.jpg  used on input line 1
85.
(pdftex.def)             Requested size: 120.45705pt x 120.45705pt.
<imagenes/EstadoArte/ico_board.jpg, id=904, 601.24625pt x 454.69875pt>
File: imagenes/EstadoArte/ico_board.jpg Graphic file (type jpg)
<use imagenes/EstadoArte/ico_board.jpg>
Package pdftex.def Info: imagenes/EstadoArte/ico_board.jpg  used on input line 
193.
(pdftex.def)             Requested size: 180.37526pt x 136.41068pt.
 [33 <./imagenes/EstadoArte/tinyFPGABX.jpg> <./imagenes/EstadoArte/BlackIce.jpg
> <./imagenes/EstadoArte/ico_board.jpg>]
Underfull \hbox (badness 10000) in paragraph at lines 217--218

 []



pdfTeX warning: pdflatex.exe (file ./imagenes/EstadoArte/IceZumAlhambra.pdf): P
DF inclusion: found PDF version <1.7>, but at most version <1.5> allowed
<imagenes/EstadoArte/IceZumAlhambra.pdf, id=916, 797.98125pt x 616.3025pt>
File: imagenes/EstadoArte/IceZumAlhambra.pdf Graphic file (type pdf)
<use imagenes/EstadoArte/IceZumAlhambra.pdf>
Package pdftex.def Info: imagenes/EstadoArte/IceZumAlhambra.pdf  used on input 
line 221.
(pdftex.def)             Requested size: 319.18684pt x 246.51663pt.
[34]
<imagenes/EstadoArte/IceZumAlhambra.PNG, id=923, 582.37575pt x 407.72325pt>
File: imagenes/EstadoArte/IceZumAlhambra.PNG Graphic file (type png)
<use imagenes/EstadoArte/IceZumAlhambra.PNG>
Package pdftex.def Info: imagenes/EstadoArte/IceZumAlhambra.PNG  used on input 
line 230.
(pdftex.def)             Requested size: 291.18715pt x 203.86111pt.
 [35 <./imagenes/EstadoArte/IceZumAlhambra.pdf>]
Underfull \hbox (badness 10000) in paragraph at lines 238--239

 []


Underfull \hbox (badness 10000) in paragraph at lines 240--244

 []


Underfull \hbox (badness 10000) in paragraph at lines 245--246

 []


Underfull \hbox (badness 10000) in paragraph at lines 247--248

 []



pdfTeX warning: pdflatex.exe (file ./imagenes/EstadoArte/Main_IceStudio.pdf): P
DF inclusion: found PDF version <1.7>, but at most version <1.5> allowed
<imagenes/EstadoArte/Main_IceStudio.pdf, id=937, 794.97pt x 614.295pt>
File: imagenes/EstadoArte/Main_IceStudio.pdf Graphic file (type pdf)
<use imagenes/EstadoArte/Main_IceStudio.pdf>
Package pdftex.def Info: imagenes/EstadoArte/Main_IceStudio.pdf  used on input 
line 251.
(pdftex.def)             Requested size: 317.98236pt x 222.95184pt.
[36 <./imagenes/EstadoArte/IceZumAlhambra.PNG>]
Underfull \hbox (badness 10000) in paragraph at lines 256--257

 []


Underfull \hbox (badness 10000) in paragraph at lines 258--259

 []



pdfTeX warning: pdflatex.exe (file ./imagenes/EstadoArte/Write_i2c_module.pdf):
 PDF inclusion: found PDF version <1.7>, but at most version <1.5> allowed
<imagenes/EstadoArte/Write_i2c_module.pdf, id=946, 798.985pt x 617.30624pt>
File: imagenes/EstadoArte/Write_i2c_module.pdf Graphic file (type pdf)
<use imagenes/EstadoArte/Write_i2c_module.pdf>
Package pdftex.def Info: imagenes/EstadoArte/Write_i2c_module.pdf  used on inpu
t line 262.
(pdftex.def)             Requested size: 319.58833pt x 218.46587pt.
[37 <./imagenes/EstadoArte/Main_IceStudio.pdf>]

pdfTeX warning: pdflatex.exe (file ./imagenes/EstadoArte/Write_i2c_module2.pdf)
: PDF inclusion: found PDF version <1.7>, but at most version <1.5> allowed
<imagenes/EstadoArte/Write_i2c_module2.pdf, id=961, 798.985pt x 617.30624pt>
File: imagenes/EstadoArte/Write_i2c_module2.pdf Graphic file (type pdf)
<use imagenes/EstadoArte/Write_i2c_module2.pdf>
Package pdftex.def Info: imagenes/EstadoArte/Write_i2c_module2.pdf  used on inp
ut line 272.
(pdftex.def)             Requested size: 319.58833pt x 229.84677pt.

Underfull \hbox (badness 10000) in paragraph at lines 277--278

 []

[38 <./imagenes/EstadoArte/Write_i2c_module.pdf> <./imagenes/EstadoArte/Write_i
2c_module2.pdf>]
Underfull \hbox (badness 10000) in paragraph at lines 284--285

 []


Underfull \hbox (badness 10000) in paragraph at lines 286--287

 []



pdfTeX warning: pdflatex.exe (file ./imagenes/EstadoArte/funcionalidad_FPGA_mic
ro.pdf): PDF inclusion: found PDF version <1.7>, but at most version <1.5> allo
wed
<imagenes/EstadoArte/funcionalidad_FPGA_micro.pdf, id=985, 800.9925pt x 618.390
32pt>
File: imagenes/EstadoArte/funcionalidad_FPGA_micro.pdf Graphic file (type pdf)
<use imagenes/EstadoArte/funcionalidad_FPGA_micro.pdf>
Package pdftex.def Info: imagenes/EstadoArte/funcionalidad_FPGA_micro.pdf  used
 on input line 291.
(pdftex.def)             Requested size: 320.39133pt x 179.06635pt.
<imagenes/EstadoArte/processor.png, id=987, 682.55pt x 511.9125pt>
File: imagenes/EstadoArte/processor.png Graphic file (type png)
<use imagenes/EstadoArte/processor.png>
Package pdftex.def Info: imagenes/EstadoArte/processor.png  used on input line 
302.
(pdftex.def)             Requested size: 204.76657pt x 153.57494pt.
[39 <./imagenes/EstadoArte/funcionalidad_FPGA_micro.pdf>]
Underfull \hbox (badness 10000) in paragraph at lines 309--310

 []



pdfTeX warning: pdflatex.exe (file ./imagenes/EstadoArte/puertas_logicas.pdf): 
PDF inclusion: found PDF version <1.7>, but at most version <1.5> allowed
<imagenes/EstadoArte/puertas_logicas.pdf, id=1021, 794.97pt x 614.295pt>
File: imagenes/EstadoArte/puertas_logicas.pdf Graphic file (type pdf)
<use imagenes/EstadoArte/puertas_logicas.pdf>
Package pdftex.def Info: imagenes/EstadoArte/puertas_logicas.pdf  used on input
 line 317.
(pdftex.def)             Requested size: 238.49284pt x 184.28992pt.

Underfull \hbox (badness 10000) in paragraph at lines 325--326

 []

[40 <./imagenes/EstadoArte/processor.png> <./imagenes/EstadoArte/puertas_logica
s.pdf>]
Underfull \hbox (badness 10000) in paragraph at lines 327--328

 []



pdfTeX warning: pdflatex.exe (file ./imagenes/EstadoArte/processor_sensor.pdf):
 PDF inclusion: found PDF version <1.7>, but at most version <1.5> allowed
<imagenes/EstadoArte/processor_sensor.pdf, id=1065, 600.2425pt x 849.1725pt>
File: imagenes/EstadoArte/processor_sensor.pdf Graphic file (type pdf)
<use imagenes/EstadoArte/processor_sensor.pdf>
Package pdftex.def Info: imagenes/EstadoArte/processor_sensor.pdf  used on inpu
t line 334.
(pdftex.def)             Requested size: 300.12051pt x 140.05835pt.


pdfTeX warning: pdflatex.exe (file ./imagenes/EstadoArte/fpga_sensor.pdf): PDF 
inclusion: found PDF version <1.7>, but at most version <1.5> allowed
<imagenes/EstadoArte/fpga_sensor.pdf, id=1068, 598.235pt x 846.16125pt>
File: imagenes/EstadoArte/fpga_sensor.pdf Graphic file (type pdf)
<use imagenes/EstadoArte/fpga_sensor.pdf>
Package pdftex.def Info: imagenes/EstadoArte/fpga_sensor.pdf  used on input lin
e 348.
(pdftex.def)             Requested size: 179.47188pt x 253.85033pt.
[41 <./imagenes/EstadoArte/processor_sensor.pdf>]
Underfull \hbox (badness 10000) in paragraph at lines 355--357

 []


Underfull \hbox (badness 10000) in paragraph at lines 358--359

 []



pdfTeX warning: pdflatex.exe (file ./imagenes/EstadoArte/bipedo.pdf): PDF inclu
sion: found PDF version <1.7>, but at most version <1.5> allowed
<imagenes/EstadoArte/bipedo.pdf, id=1082, 794.97pt x 614.295pt>
File: imagenes/EstadoArte/bipedo.pdf Graphic file (type pdf)
<use imagenes/EstadoArte/bipedo.pdf>
Package pdftex.def Info: imagenes/EstadoArte/bipedo.pdf  used on input line 365
.
(pdftex.def)             Requested size: 317.98236pt x 245.71364pt.
[42 <./imagenes/EstadoArte/fpga_sensor.pdf>] [43 <./imagenes/EstadoArte/bipedo.
pdf>]
Underfull \hbox (badness 10000) in paragraph at lines 373--375

 []


Underfull \hbox (badness 10000) in paragraph at lines 376--377

 []

<imagenes/Balancing_robot/orientacion.png, id=1191, 392.46625pt x 382.42876pt>
File: imagenes/Balancing_robot/orientacion.png Graphic file (type png)
<use imagenes/Balancing_robot/orientacion.png>
Package pdftex.def Info: imagenes/Balancing_robot/orientacion.png  used on inpu
t line 381.
(pdftex.def)             Requested size: 196.23264pt x 191.2139pt.

Underfull \hbox (badness 10000) in paragraph at lines 387--388

 []

[44 <./imagenes/Balancing_robot/orientacion.png>]
<imagenes/Balancing_robot/IMU1.jpg, id=1200, 652.4375pt x 652.4375pt>
File: imagenes/Balancing_robot/IMU1.jpg Graphic file (type jpg)
<use imagenes/Balancing_robot/IMU1.jpg>
Package pdftex.def Info: imagenes/Balancing_robot/IMU1.jpg  used on input line 
393.
(pdftex.def)             Requested size: 130.48518pt x 130.48518pt.
<imagenes/Balancing_robot/IMU2.png, id=1201, 384.43625pt x 276.03125pt>
File: imagenes/Balancing_robot/IMU2.png Graphic file (type png)
<use imagenes/Balancing_robot/IMU2.png>
Package pdftex.def Info: imagenes/Balancing_robot/IMU2.png  used on input line 
400.
(pdftex.def)             Requested size: 76.88588pt x 55.20526pt.
<imagenes/Balancing_robot/IMU3.jpg, id=1202, 351.3125pt x 349.305pt>
File: imagenes/Balancing_robot/IMU3.jpg Graphic file (type jpg)
<use imagenes/Balancing_robot/IMU3.jpg>
Package pdftex.def Info: imagenes/Balancing_robot/IMU3.jpg  used on input line 
407.
(pdftex.def)             Requested size: 87.8279pt x 87.32603pt.

Underfull \hbox (badness 10000) in paragraph at lines 416--417

 []


Underfull \hbox (badness 10000) in paragraph at lines 418--419

 []

[45 <./imagenes/Balancing_robot/IMU1.jpg> <./imagenes/Balancing_robot/IMU2.png>
 <./imagenes/Balancing_robot/IMU3.jpg>]
<imagenes/Balancing_robot/acelerometro1.png, id=1211, 572.1375pt x 317.185pt>
File: imagenes/Balancing_robot/acelerometro1.png Graphic file (type png)
<use imagenes/Balancing_robot/acelerometro1.png>
Package pdftex.def Info: imagenes/Balancing_robot/acelerometro1.png  used on in
put line 424.
(pdftex.def)             Requested size: 228.85094pt x 126.87173pt.
<imagenes/Balancing_robot/acelerometro2.png, id=1213, 552.0625pt x 147.55125pt>

File: imagenes/Balancing_robot/acelerometro2.png Graphic file (type png)
<use imagenes/Balancing_robot/acelerometro2.png>
Package pdftex.def Info: imagenes/Balancing_robot/acelerometro2.png  used on in
put line 437.
(pdftex.def)             Requested size: 331.24005pt x 88.53142pt.
 [46 <./imagenes/Balancing_robot/acelerometro1.png> <./imagenes/Balancing_robot
/acelerometro2.png>]
Underfull \hbox (badness 10000) in paragraph at lines 455--456

 []


Underfull \hbox (badness 10000) in paragraph at lines 457--458

 []


Underfull \hbox (badness 10000) in paragraph at lines 459--460

 []


Underfull \hbox (badness 10000) in paragraph at lines 461--462

 []


Underfull \hbox (badness 10000) in paragraph at lines 475--476

 []


Underfull \hbox (badness 10000) in paragraph at lines 481--482

 []


Underfull \hbox (badness 10000) in paragraph at lines 483--484

 []

[47]
Underfull \hbox (badness 10000) in paragraph at lines 510--511

 []


Underfull \hbox (badness 10000) in paragraph at lines 512--513

 []


Underfull \hbox (badness 10000) in paragraph at lines 514--515

 []

[48]
Underfull \hbox (badness 10000) in paragraph at lines 536--537

 []


Underfull \hbox (badness 10000) in paragraph at lines 538--539

 []


Underfull \hbox (badness 10000) in paragraph at lines 544--545

 []


Underfull \hbox (badness 10000) in paragraph at lines 553--554

 []


Underfull \hbox (badness 10000) in paragraph at lines 555--556

 []

[49]
Underfull \hbox (badness 10000) in paragraph at lines 557--558

 []

<imagenes/EstadoArte/sensor_imagen_CMOS.jpg, id=1254, 1606.0pt x 1105.12875pt>
File: imagenes/EstadoArte/sensor_imagen_CMOS.jpg Graphic file (type jpg)
<use imagenes/EstadoArte/sensor_imagen_CMOS.jpg>
Package pdftex.def Info: imagenes/EstadoArte/sensor_imagen_CMOS.jpg  used on in
put line 598.
(pdftex.def)             Requested size: 160.6094pt x 110.51935pt.
[50]
<imagenes/EstadoArte/IMU.jpg, id=1261, 347.2975pt x 347.2975pt>
File: imagenes/EstadoArte/IMU.jpg Graphic file (type jpg)
<use imagenes/EstadoArte/IMU.jpg>
Package pdftex.def Info: imagenes/EstadoArte/IMU.jpg  used on input line 607.
(pdftex.def)             Requested size: 138.91653pt x 138.91653pt.
<imagenes/EstadoArte/potentiometer.jpg, id=1262, 245.91875pt x 288.07625pt>
File: imagenes/EstadoArte/potentiometer.jpg Graphic file (type jpg)
<use imagenes/EstadoArte/potentiometer.jpg>
Package pdftex.def Info: imagenes/EstadoArte/potentiometer.jpg  used on input l
ine 616.
(pdftex.def)             Requested size: 98.36575pt x 115.22844pt.

Underfull \hbox (badness 10000) in paragraph at lines 622--623

 []

<imagenes/EstadoArte/motor.jpg, id=1263, 602.25pt x 602.25pt>
File: imagenes/EstadoArte/motor.jpg Graphic file (type jpg)
<use imagenes/EstadoArte/motor.jpg>
Package pdftex.def Info: imagenes/EstadoArte/motor.jpg  used on input line 627.

(pdftex.def)             Requested size: 240.89572pt x 240.89572pt.
[51 <./imagenes/EstadoArte/sensor_imagen_CMOS.jpg> <./imagenes/EstadoArte/IMU.j
pg> <./imagenes/EstadoArte/potentiometer.jpg>]
Underfull \hbox (badness 10000) in paragraph at lines 634--636

 []


Overfull \hbox (4.27855pt too wide) in paragraph at lines 638--639
\OT1/cmr/m/n/10 Proportional, In-te-gral and Derivative[[]] (Proportional-Integ
ral-Derivative, PID)
 []


Underfull \hbox (badness 10000) in paragraph at lines 638--639

 []


Underfull \hbox (badness 10000) in paragraph at lines 640--641

 []


Underfull \hbox (badness 10000) in paragraph at lines 642--643

 []

[52 <./imagenes/EstadoArte/motor.jpg>]
Underfull \hbox (badness 10000) in paragraph at lines 647--648

 []


Underfull \hbox (badness 10000) in paragraph at lines 649--650

 []



pdfTeX warning: pdflatex.exe (file ./imagenes/EstadoArte/PID.pdf): PDF inclusio
n: found PDF version <1.7>, but at most version <1.5> allowed
<imagenes/EstadoArte/PID.pdf, id=1277, 794.97pt x 614.295pt>
File: imagenes/EstadoArte/PID.pdf Graphic file (type pdf)
<use imagenes/EstadoArte/PID.pdf>
Package pdftex.def Info: imagenes/EstadoArte/PID.pdf  used on input line 663.
(pdftex.def)             Requested size: 794.96806pt x 386.67203pt.
[53]) (capitulos/03_Balancing_robot.tex [54 <./imagenes/EstadoArte/PID.pdf>]
Chapter 3.

Underfull \hbox (badness 10000) in paragraph at lines 2--3

 []

<imagenes/Balancing_robot/segway.png, id=1307, 481.8pt x 264.99pt>
File: imagenes/Balancing_robot/segway.png Graphic file (type png)
<use imagenes/Balancing_robot/segway.png>
Package pdftex.def Info: imagenes/Balancing_robot/segway.png  used on input lin
e 12.
(pdftex.def)             Requested size: 192.71658pt x 105.99411pt.

Underfull \hbox (badness 10000) in paragraph at lines 18--19

 []

[55

 <./imagenes/Balancing_robot/segway.png>]
<imagenes/Balancing_robot/pendulo.png, id=1319, 108.05417pt x 85.42595pt>
File: imagenes/Balancing_robot/pendulo.png Graphic file (type png)
<use imagenes/Balancing_robot/pendulo.png>
Package pdftex.def Info: imagenes/Balancing_robot/pendulo.png  used on input li
ne 24.
(pdftex.def)             Requested size: 172.88689pt x 136.68167pt.

Underfull \hbox (badness 10000) in paragraph at lines 29--30

 []

[56 <./imagenes/Balancing_robot/pendulo.png>]

pdfTeX warning: pdflatex.exe (file ./imagenes/Balancing_Robot/final.pdf): PDF i
nclusion: found PDF version <1.7>, but at most version <1.5> allowed
<imagenes/Balancing_Robot/final.pdf, id=1326, 796.9775pt x 615.29875pt>
File: imagenes/Balancing_Robot/final.pdf Graphic file (type pdf)
<use imagenes/Balancing_Robot/final.pdf>
Package pdftex.def Info: imagenes/Balancing_Robot/final.pdf  used on input line
 41.
(pdftex.def)             Requested size: 796.97554pt x 615.29724pt.
[57 <./imagenes/Balancing_Robot/final.pdf>]
<imagenes/Balancing_Robot/EnsanBalanceFront.PDF, id=1619, 845.0471pt x 597.5082
9pt>
File: imagenes/Balancing_Robot/EnsanBalanceFront.PDF Graphic file (type pdf)
<use imagenes/Balancing_Robot/EnsanBalanceFront.PDF>
Package pdftex.def Info: imagenes/Balancing_Robot/EnsanBalanceFront.PDF  used o
n input line 60.
(pdftex.def)             Requested size: 739.77023pt x 597.50682pt.
<imagenes/Balancing_Robot/EnsanBalanceLateral.PDF, id=1621, 845.0471pt x 597.50
829pt>
File: imagenes/Balancing_Robot/EnsanBalanceLateral.PDF Graphic file (type pdf)
<use imagenes/Balancing_Robot/EnsanBalanceLateral.PDF>
Package pdftex.def Info: imagenes/Balancing_Robot/EnsanBalanceLateral.PDF  used
 on input line 69.
(pdftex.def)             Requested size: 418.25476pt x 597.50682pt.
 [58 <./imagenes/Balancing_Robot/EnsanBalanceFront.PDF>]
<imagenes/Balancing_Robot/EnsanBalanceCab.PDF, id=1632, 845.0471pt x 597.50829p
t>
File: imagenes/Balancing_Robot/EnsanBalanceCab.PDF Graphic file (type pdf)
<use imagenes/Balancing_Robot/EnsanBalanceCab.PDF>
Package pdftex.def Info: imagenes/Balancing_Robot/EnsanBalanceCab.PDF  used on 
input line 78.
(pdftex.def)             Requested size: 560.51822pt x 597.50682pt.
 [59 <./imagenes/Balancing_Robot/EnsanBalanceLateral.PDF>]
Underfull \hbox (badness 10000) in paragraph at lines 84--86

 []

<imagenes/Balancing_robot/center_mass.png, id=1643, 1047.915pt x 592.46344pt>
File: imagenes/Balancing_robot/center_mass.png Graphic file (type png)
<use imagenes/Balancing_robot/center_mass.png>
Package pdftex.def Info: imagenes/Balancing_robot/center_mass.png  used on inpu
t line 92.
(pdftex.def)             Requested size: 314.37692pt x 177.7404pt.
[60 <./imagenes/Balancing_Robot/EnsanBalanceCab.PDF>]
Underfull \hbox (badness 10000) in paragraph at lines 99--100

 []


Underfull \hbox (badness 10000) in paragraph at lines 101--102

 []

File: imagenes/Balancing_robot/IMU1.jpg Graphic file (type jpg)
<use imagenes/Balancing_robot/IMU1.jpg>
Package pdftex.def Info: imagenes/Balancing_robot/IMU1.jpg  used on input line 
107.
(pdftex.def)             Requested size: 130.48518pt x 130.48518pt.
<imagenes/Balancing_robot/MPU6050_schematic.png, id=1654, 617.30624pt x 359.091
57pt>
File: imagenes/Balancing_robot/MPU6050_schematic.png Graphic file (type png)
<use imagenes/Balancing_robot/MPU6050_schematic.png>
Package pdftex.def Info: imagenes/Balancing_robot/MPU6050_schematic.png  used o
n input line 117.
(pdftex.def)             Requested size: 246.91812pt x 143.63408pt.
[61 <./imagenes/Balancing_robot/center_mass.png>]
Underfull \hbox (badness 10000) in paragraph at lines 122--123

 []



pdfTeX warning: pdflatex.exe (file ./imagenes/Balancing_robot/DMPexample.pdf): 
PDF inclusion: found PDF version <1.7>, but at most version <1.5> allowed
<imagenes/Balancing_robot/DMPexample.pdf, id=1660, 599.23875pt x 847.165pt>
File: imagenes/Balancing_robot/DMPexample.pdf Graphic file (type pdf)
<use imagenes/Balancing_robot/DMPexample.pdf>
Package pdftex.def Info: imagenes/Balancing_robot/DMPexample.pdf  used on input
 line 128.
(pdftex.def)             Requested size: 359.54602pt x 405.87222pt.

Overfull \hbox (14.54602pt too wide) in paragraph at lines 128--129
 [] 
 []


Underfull \hbox (badness 10000) in paragraph at lines 125--131

 []

[62 <./imagenes/Balancing_robot/MPU6050_schematic.png>]
Underfull \hbox (badness 10000) in paragraph at lines 140--141

 []

<imagenes/Balancing_robot/pin_headers.PNG, id=1671, 566.86781pt x 472.76625pt>
File: imagenes/Balancing_robot/pin_headers.PNG Graphic file (type png)
<use imagenes/Balancing_robot/pin_headers.PNG>
Package pdftex.def Info: imagenes/Balancing_robot/pin_headers.PNG  used on inpu
t line 149.
(pdftex.def)             Requested size: 226.7431pt x 189.10315pt.
[63 <./imagenes/Balancing_robot/DMPexample.pdf>]
<imagenes/Balancing_robot/SCREW.PNG, id=1697, 346.29375pt x 398.08725pt>
File: imagenes/Balancing_robot/SCREW.PNG Graphic file (type png)
<use imagenes/Balancing_robot/SCREW.PNG>
Package pdftex.def Info: imagenes/Balancing_robot/SCREW.PNG  used on input line
 159.
(pdftex.def)             Requested size: 138.51503pt x 159.23207pt.


LaTeX Warning: Reference `sec:Bateria' on page 64 undefined on input line 165.

<imagenes/Balancing_robot/mpu6050_connector.PNG, id=1699, 587.19376pt x 335.001
56pt>
File: imagenes/Balancing_robot/mpu6050_connector.PNG Graphic file (type png)
<use imagenes/Balancing_robot/mpu6050_connector.PNG>
Package pdftex.def Info: imagenes/Balancing_robot/mpu6050_connector.PNG  used o
n input line 171.
(pdftex.def)             Requested size: 234.87334pt x 133.99825pt.
[64 <./imagenes/Balancing_robot/pin_headers.PNG> <./imagenes/Balancing_robot/SC
REW.PNG>]
<imagenes/Balancing_robot/jumpers.PNG, id=1707, 423.83344pt x 505.13719pt>
File: imagenes/Balancing_robot/jumpers.PNG Graphic file (type png)
<use imagenes/Balancing_robot/jumpers.PNG>
Package pdftex.def Info: imagenes/Balancing_robot/jumpers.PNG  used on input li
ne 182.
(pdftex.def)             Requested size: 127.151pt x 151.54233pt.
 [65 <./imagenes/Balancing_robot/mpu6050_connector.PNG> <./imagenes/Balancing_r
obot/jumpers.PNG>]
<imagenes/Balancing_Robot/top_3D.PNG, id=1719, 546.24075pt x 463.7325pt>
File: imagenes/Balancing_Robot/top_3D.PNG Graphic file (type png)
<use imagenes/Balancing_Robot/top_3D.PNG>
Package pdftex.def Info: imagenes/Balancing_Robot/top_3D.PNG  used on input lin
e 199.
(pdftex.def)             Requested size: 327.74698pt x 278.24164pt.
<imagenes/Balancing_Robot/bottom_3D.PNG, id=1720, 511.31026pt x 416.757pt>
File: imagenes/Balancing_Robot/bottom_3D.PNG Graphic file (type png)
<use imagenes/Balancing_Robot/bottom_3D.PNG>
Package pdftex.def Info: imagenes/Balancing_Robot/bottom_3D.PNG  used on input 
line 208.
(pdftex.def)             Requested size: 306.78851pt x 250.05612pt.
 [66 <./imagenes/Balancing_Robot/top_3D.PNG>]
<imagenes/Balancing_Robot/Vista3D1.PNG, id=1726, 599.23875pt x 499.8675pt>
File: imagenes/Balancing_Robot/Vista3D1.PNG Graphic file (type png)
<use imagenes/Balancing_Robot/Vista3D1.PNG>
Package pdftex.def Info: imagenes/Balancing_Robot/Vista3D1.PNG  used on input l
ine 217.
(pdftex.def)             Requested size: 299.61864pt x 249.93314pt.
<imagenes/Balancing_Robot/Vista3D2.PNG, id=1727, 532.99126pt x 293.29575pt>
File: imagenes/Balancing_Robot/Vista3D2.PNG Graphic file (type png)
<use imagenes/Balancing_Robot/Vista3D2.PNG>
Package pdftex.def Info: imagenes/Balancing_Robot/Vista3D2.PNG  used on input l
ine 226.
(pdftex.def)             Requested size: 319.79723pt x 175.97879pt.

[67 <./imagenes/Balancing_Robot/bottom_3D.PNG> <./imagenes/Balancing_Robot/Vist
a3D1.PNG>] [68 <./imagenes/Balancing_Robot/Vista3D2.PNG>]
<imagenes/Balancing_Robot/pcb_dron_schematic.pdf, id=1740, 845.1575pt x 597.231
25pt>
File: imagenes/Balancing_Robot/pcb_dron_schematic.pdf Graphic file (type pdf)
<use imagenes/Balancing_Robot/pcb_dron_schematic.pdf>
Package pdftex.def Info: imagenes/Balancing_Robot/pcb_dron_schematic.pdf  used 
on input line 248.
(pdftex.def)             Requested size: 507.09842pt x 358.3415pt.

Overfull \hbox (13.3415pt too wide) in paragraph at lines 248--249
 [] 
 []

[69 <./imagenes/Balancing_Robot/pcb_dron_schematic.pdf>]
Underfull \hbox (badness 10000) in paragraph at lines 255--257

 []


Underfull \hbox (badness 10000) in paragraph at lines 258--259

 []


Underfull \hbox (badness 10000) in paragraph at lines 260--261

 []

[70]
<imagenes/Balancing_Robot/layers_altium.PNG, id=1770, 813.79031pt x 640.64343pt
>
File: imagenes/Balancing_Robot/layers_altium.PNG Graphic file (type png)
<use imagenes/Balancing_Robot/layers_altium.PNG>
Package pdftex.def Info: imagenes/Balancing_Robot/layers_altium.PNG  used on in
put line 331.
(pdftex.def)             Requested size: 325.51036pt x 256.25282pt.
 [71]
Underfull \hbox (badness 10000) in paragraph at lines 340--341

 []


Underfull \hbox (badness 10000) in paragraph at lines 348--349

 []

[72 <./imagenes/Balancing_Robot/layers_altium.PNG>]
Underfull \hbox (badness 10000) in paragraph at lines 356--357

 []



pdfTeX warning: pdflatex.exe (file ./imagenes/Balancing_robot/coexistencia2.pdf
): PDF inclusion: found PDF version <1.7>, but at most version <1.5> allowed
<imagenes/Balancing_robot/coexistencia2.pdf, id=1781, 794.00638pt x 614.295pt>
File: imagenes/Balancing_robot/coexistencia2.pdf Graphic file (type pdf)
<use imagenes/Balancing_robot/coexistencia2.pdf>
Package pdftex.def Info: imagenes/Balancing_robot/coexistencia2.pdf  used on in
put line 362.
(pdftex.def)             Requested size: 317.59692pt x 177.42824pt.
<imagenes/Balancing_Robot/serial_comunicattion.png, id=1784, 451.6875pt x 82.05
656pt>
File: imagenes/Balancing_Robot/serial_comunicattion.png Graphic file (type png)

<use imagenes/Balancing_Robot/serial_comunicattion.png>
Package pdftex.def Info: imagenes/Balancing_Robot/serial_comunicattion.png  use
d on input line 377.
(pdftex.def)             Requested size: 338.76479pt x 61.54225pt.


pdfTeX warning: pdflatex.exe (file ./imagenes/Balancing_robot/coexistencia1.pdf
): PDF inclusion: found PDF version <1.7>, but at most version <1.5> allowed
<imagenes/Balancing_robot/coexistencia1.pdf, id=1786, 796.05406pt x 615.37907pt
>
File: imagenes/Balancing_robot/coexistencia1.pdf Graphic file (type pdf)
<use imagenes/Balancing_robot/coexistencia1.pdf>
Package pdftex.def Info: imagenes/Balancing_robot/coexistencia1.pdf  used on in
put line 387.
(pdftex.def)             Requested size: 318.41597pt x 177.86188pt.
[73 <./imagenes/Balancing_robot/coexistencia2.pdf> <./imagenes/Balancing_Robot/
serial_comunicattion.png>]
Underfull \hbox (badness 10000) in paragraph at lines 392--393

 []



pdfTeX warning: pdflatex.exe (file ./imagenes/Balancing_robot/coexistencia3.pdf
): PDF inclusion: found PDF version <1.7>, but at most version <1.5> allowed
<imagenes/Balancing_robot/coexistencia3.pdf, id=1823, 798.985pt x 617.30624pt>
File: imagenes/Balancing_robot/coexistencia3.pdf Graphic file (type pdf)
<use imagenes/Balancing_robot/coexistencia3.pdf>
Package pdftex.def Info: imagenes/Balancing_robot/coexistencia3.pdf  used on in
put line 402.
(pdftex.def)             Requested size: 239.69734pt x 185.1933pt.
[74 <./imagenes/Balancing_robot/coexistencia1.pdf>]

pdfTeX warning: pdflatex.exe (file ./imagenes/Balancing_robot/extraccion_angulo
.pdf): PDF inclusion: found PDF version <1.7>, but at most version <1.5> allowe
d
<imagenes/Balancing_robot/extraccion_angulo.pdf, id=1860, 796.05406pt x 615.379
07pt>
File: imagenes/Balancing_robot/extraccion_angulo.pdf Graphic file (type pdf)
<use imagenes/Balancing_robot/extraccion_angulo.pdf>
Package pdftex.def Info: imagenes/Balancing_robot/extraccion_angulo.pdf  used o
n input line 411.
(pdftex.def)             Requested size: 398.02605pt x 307.68878pt.

Overfull \hbox (53.02605pt too wide) in paragraph at lines 411--412
 [] 
 []

[75 <./imagenes/Balancing_robot/coexistencia3.pdf> <./imagenes/Balancing_robot/
extraccion_angulo.pdf>]

pdfTeX warning: pdflatex.exe (file ./imagenes/Balancing_robot/angle_correction.
pdf): PDF inclusion: found PDF version <1.7>, but at most version <1.5> allowed

<imagenes/Balancing_robot/angle_correction.pdf, id=1949, 598.235pt x 846.16125p
t>
File: imagenes/Balancing_robot/angle_correction.pdf Graphic file (type pdf)
<use imagenes/Balancing_robot/angle_correction.pdf>
Package pdftex.def Info: imagenes/Balancing_robot/angle_correction.pdf  used on
 input line 425.
(pdftex.def)             Requested size: 299.11676pt x 309.26886pt.
[76 <./imagenes/Balancing_robot/angle_correction.pdf>]

LaTeX Warning: Reference `label' on page 77 undefined on input line 439.


Underfull \hbox (badness 10000) in paragraph at lines 454--455

 []

<imagenes/Balancing_robot/arduino_interface.PNG, id=1966, 439.6425pt x 283.6597
4pt>
File: imagenes/Balancing_robot/arduino_interface.PNG Graphic file (type png)
<use imagenes/Balancing_robot/arduino_interface.PNG>
Package pdftex.def Info: imagenes/Balancing_robot/arduino_interface.PNG  used o
n input line 458.
(pdftex.def)             Requested size: 263.78752pt x 170.19714pt.
[77 <./imagenes/Balancing_robot/arduino_interface.PNG>]

pdfTeX warning: pdflatex.exe (file ./imagenes/Balancing_robot/arduino_interface
fluid.pdf): PDF inclusion: found PDF version <1.7>, but at most version <1.5> a
llowed
<imagenes/Balancing_robot/arduino_interfacefluid.pdf, id=1974, 794.97pt x 614.2
95pt>
File: imagenes/Balancing_robot/arduino_interfacefluid.pdf Graphic file (type pd
f)
<use imagenes/Balancing_robot/arduino_interfacefluid.pdf>
Package pdftex.def Info: imagenes/Balancing_robot/arduino_interfacefluid.pdf  u
sed on input line 477.
(pdftex.def)             Requested size: 556.4752pt x 410.08678pt.

Overfull \hbox (65.08678pt too wide) in paragraph at lines 477--478
 [] 
 []

[78] [79 <./imagenes/Balancing_robot/arduino_interfacefluid.pdf>]
Overfull \hbox (13.08841pt too wide) in paragraph at lines 503--504
\OT1/cmr/m/n/10 (BYTE[]READY) and from where it has to cap-ture the data bus (D
ATA[]BUFFER).
 []


Underfull \hbox (badness 10000) in paragraph at lines 503--504

 []

<imagenes/Balancing_robot/arrange_arduino.PNG, id=2002, 611.28375pt x 315.42844
pt>
File: imagenes/Balancing_robot/arrange_arduino.PNG Graphic file (type png)
<use imagenes/Balancing_robot/arrange_arduino.PNG>
Package pdftex.def Info: imagenes/Balancing_robot/arrange_arduino.PNG  used on 
input line 509.
(pdftex.def)             Requested size: 244.50917pt x 126.16913pt.
[80]

! Package keyval Error: [trim undefined.

See the keyval package documentation for explanation.
Type  H <return>  for immediate help.
 ...                                              
                                                  
l.533 ...agenes/Balancing_robot/arrange_angle.pdf}
                                                  
Try typing  <return>  to proceed.
If that doesn't work, type  X <return>  to quit.



pdfTeX warning: pdflatex.exe (file ./imagenes/Balancing_robot/arrange_angle.pdf
): PDF inclusion: found PDF version <1.7>, but at most version <1.5> allowed
<imagenes/Balancing_robot/arrange_angle.pdf, id=2008, 795.97375pt x 615.29875pt
>
File: imagenes/Balancing_robot/arrange_angle.pdf Graphic file (type pdf)
<use imagenes/Balancing_robot/arrange_angle.pdf>
Package pdftex.def Info: imagenes/Balancing_robot/arrange_angle.pdf  used on in
put line 533.
(pdftex.def)             Requested size: 795.97182pt x 615.29724pt.
[81 <./imagenes/Balancing_robot/arrange_arduino.PNG>]
Underfull \hbox (badness 10000) in paragraph at lines 540--541

 []


Underfull \hbox (badness 10000) in paragraph at lines 549--550

 []

<imagenes/Balancing_robot/arduino_arrange.PNG, id=2017, 673.76718pt x 645.91313
pt>
File: imagenes/Balancing_robot/arduino_arrange.PNG Graphic file (type png)
<use imagenes/Balancing_robot/arduino_arrange.PNG>
Package pdftex.def Info: imagenes/Balancing_robot/arduino_arrange.PNG  used on 
input line 557.
(pdftex.def)             Requested size: 269.50209pt x 258.36067pt.
[82 <./imagenes/Balancing_robot/arrange_angle.pdf>] [83 <./imagenes/Balancing_r
obot/arduino_arrange.PNG>]

pdfTeX warning: pdflatex.exe (file ./imagenes/Balancing_robot/P.pdf): PDF inclu
sion: found PDF version <1.7>, but at most version <1.5> allowed
<imagenes/Balancing_robot/P.pdf, id=2038, 599.23875pt x 847.165pt>
File: imagenes/Balancing_robot/P.pdf Graphic file (type pdf)
<use imagenes/Balancing_robot/P.pdf>
Package pdftex.def Info: imagenes/Balancing_robot/P.pdf  used on input line 572
.
(pdftex.def)             Requested size: 299.61864pt x 224.41267pt.
<imagenes/Balancing_robot/Pcontrol.png, id=2041, 314.97675pt x 343.88475pt>
File: imagenes/Balancing_robot/Pcontrol.png Graphic file (type png)
<use imagenes/Balancing_robot/Pcontrol.png>
Package pdftex.def Info: imagenes/Balancing_robot/Pcontrol.png  used on input l
ine 590.
(pdftex.def)             Requested size: 157.48798pt x 171.94196pt.
[84 <./imagenes/Balancing_robot/P.pdf>] [85 <./imagenes/Balancing_robot/Pcontro
l.png>]

pdfTeX warning: pdflatex.exe (file ./imagenes/Balancing_robot/D.pdf): PDF inclu
sion: found PDF version <1.7>, but at most version <1.5> allowed
<imagenes/Balancing_robot/D.pdf, id=2069, 600.2425pt x 848.16875pt>
File: imagenes/Balancing_robot/D.pdf Graphic file (type pdf)
<use imagenes/Balancing_robot/D.pdf>
Package pdftex.def Info: imagenes/Balancing_robot/D.pdf  used on input line 600
.
(pdftex.def)             Requested size: 240.09274pt x 339.26149pt.

Underfull \hbox (badness 10000) in paragraph at lines 605--606

 []

<imagenes/Balancing_robot/Dcontrol.png, id=2072, 303.534pt x 311.9655pt>
File: imagenes/Balancing_robot/Dcontrol.png Graphic file (type png)
<use imagenes/Balancing_robot/Dcontrol.png>
Package pdftex.def Info: imagenes/Balancing_robot/Dcontrol.png  used on input l
ine 612.
(pdftex.def)             Requested size: 151.76662pt x 155.98236pt.
[86 <./imagenes/Balancing_robot/D.pdf>] [87 <./imagenes/Balancing_robot/Dcontro
l.png>]
<imagenes/Balancing_robot/finalIceStudio.png, id=2115, 1143.0705pt x 458.31226p
t>
File: imagenes/Balancing_robot/finalIceStudio.png Graphic file (type png)
<use imagenes/Balancing_robot/finalIceStudio.png>
Package pdftex.def Info: imagenes/Balancing_robot/finalIceStudio.png  used on i
nput line 623.
(pdftex.def)             Requested size: 571.53384pt x 229.15556pt.
 [88 <./imagenes/Balancing_robot/finalIceStudio.png>]
<imagenes/Balancing_robot/pwm_example.png, id=2122, 803.0pt x 397.485pt>
File: imagenes/Balancing_robot/pwm_example.png Graphic file (type png)
<use imagenes/Balancing_robot/pwm_example.png>
Package pdftex.def Info: imagenes/Balancing_robot/pwm_example.png  used on inpu
t line 634.
(pdftex.def)             Requested size: 321.1943pt x 158.99118pt.

Underfull \hbox (badness 10000) in paragraph at lines 640--641

 []

<imagenes/Balancing_robot/driver_motor.jpg, id=2126, 451.6875pt x 361.35pt>
File: imagenes/Balancing_robot/driver_motor.jpg Graphic file (type jpg)
<use imagenes/Balancing_robot/driver_motor.jpg>
Package pdftex.def Info: imagenes/Balancing_robot/driver_motor.jpg  used on inp
ut line 655.
(pdftex.def)             Requested size: 180.67178pt x 144.53743pt.
[89 <./imagenes/Balancing_robot/pwm_example.png>]

pdfTeX warning: pdflatex.exe (file ./imagenes/Balancing_robot/driver_motor.pdf)
: PDF inclusion: found PDF version <1.7>, but at most version <1.5> allowed
<imagenes/Balancing_robot/driver_motor.pdf, id=2134, 794.97pt x 614.295pt>
File: imagenes/Balancing_robot/driver_motor.pdf Graphic file (type pdf)
<use imagenes/Balancing_robot/driver_motor.pdf>
Package pdftex.def Info: imagenes/Balancing_robot/driver_motor.pdf  used on inp
ut line 663.
(pdftex.def)             Requested size: 317.98236pt x 188.80914pt.
<imagenes/Balancing_robot/PWM_module.PNG, id=2138, 348.70274pt x 213.79875pt>
File: imagenes/Balancing_robot/PWM_module.PNG Graphic file (type png)
<use imagenes/Balancing_robot/PWM_module.PNG>
Package pdftex.def Info: imagenes/Balancing_robot/PWM_module.PNG  used on input
 line 677.
(pdftex.def)             Requested size: 174.35094pt x 106.89911pt.
[90 <./imagenes/Balancing_robot/driver_motor.jpg> <./imagenes/Balancing_robot/d
river_motor.pdf>]

pdfTeX warning: pdflatex.exe (file ./imagenes/Balancing_robot/pwm_control.pdf):
 PDF inclusion: found PDF version <1.7>, but at most version <1.5> allowed
<imagenes/Balancing_robot/pwm_control.pdf, id=2159, 849.1725pt x 600.2425pt>
File: imagenes/Balancing_robot/pwm_control.pdf Graphic file (type pdf)
<use imagenes/Balancing_robot/pwm_control.pdf>
Package pdftex.def Info: imagenes/Balancing_robot/pwm_control.pdf  used on inpu
t line 686.
(pdftex.def)             Requested size: 339.66298pt x 240.09274pt.

Underfull \hbox (badness 10000) in paragraph at lines 691--693

 []

[91 <./imagenes/Balancing_robot/pwm_control.pdf> <./imagenes/Balancing_robot/PW
M_module.PNG>]
Underfull \hbox (badness 10000) in paragraph at lines 708--709

 []


Underfull \hbox (badness 10000) in paragraph at lines 710--711

 []


Underfull \hbox (badness 10000) in paragraph at lines 723--724

 []

[92]
<imagenes/Balancing_Robot/LIPO111.jpg, id=2183, 266.9975pt x 190.7125pt>
File: imagenes/Balancing_Robot/LIPO111.jpg Graphic file (type jpg)
<use imagenes/Balancing_Robot/LIPO111.jpg>
Package pdftex.def Info: imagenes/Balancing_Robot/LIPO111.jpg  used on input li
ne 747.
(pdftex.def)             Requested size: 213.59827pt x 152.57019pt.
 [93 <./imagenes/Balancing_Robot/LIPO111.jpg>]
<imagenes/Balancing_Robot/LIPO37.jpg, id=2191, 344.78813pt x 344.78813pt>
File: imagenes/Balancing_Robot/LIPO37.jpg Graphic file (type jpg)
<use imagenes/Balancing_Robot/LIPO37.jpg>
Package pdftex.def Info: imagenes/Balancing_Robot/LIPO37.jpg  used on input lin
e 759.
(pdftex.def)             Requested size: 172.39363pt x 172.39363pt.
 [94 <./imagenes/Balancing_Robot/LIPO37.jpg>]
Overfull \hbox (14.39755pt too wide) in paragraph at lines 806--807
[][] 
 []

[95]

! LaTeX Error: There's no line here to end.

See the LaTeX manual or LaTeX Companion for explanation.
Type  H <return>  for immediate help.
 ...                                              
                                                  
l.813 \newline
              
Your command was ignored.
Type  I <command> <return>  to replace it with another command,
or  <return>  to continue without it.


Underfull \hbox (badness 10000) in paragraph at lines 814--815

 []

<imagenes/Balancing_Robot/test1.jpeg, id=2210, 1204.5pt x 1606.0pt>
File: imagenes/Balancing_Robot/test1.jpeg Graphic file (type jpg)
<use imagenes/Balancing_Robot/test1.jpeg>
Package pdftex.def Info: imagenes/Balancing_Robot/test1.jpeg  used on input lin
e 823.
(pdftex.def)             Requested size: 240.89574pt x 321.19432pt.
<imagenes/Balancing_Robot/test2.jpeg, id=2211, 1606.0pt x 1204.5pt>
File: imagenes/Balancing_Robot/test2.jpeg Graphic file (type jpg)
<use imagenes/Balancing_Robot/test2.jpeg>
Package pdftex.def Info: imagenes/Balancing_Robot/test2.jpeg  used on input lin
e 832.
(pdftex.def)             Requested size: 321.19432pt x 240.89574pt.
[96 <./imagenes/Balancing_Robot/test1.jpeg>]
<imagenes/Balancing_Robot/vga.jpeg, id=2222, 1606.0pt x 1298.8525pt>
File: imagenes/Balancing_Robot/vga.jpeg Graphic file (type jpg)
<use imagenes/Balancing_Robot/vga.jpeg>
Package pdftex.def Info: imagenes/Balancing_Robot/vga.jpeg  used on input line 
845.
(pdftex.def)             Requested size: 321.19432pt x 259.7659pt.
 [97 <./imagenes/Balancing_Robot/test2.jpeg>]) (capitulos/04_Cuadricoptero.tex 
[98 <./imagenes/Balancing_Robot/vga.jpeg>]
Chapter 4.

Underfull \hbox (badness 10000) in paragraph at lines 2--3

 []



pdfTeX warning: pdflatex.exe (file ./imagenes/Cuadricoptero_vision/on_board.pdf
): PDF inclusion: found PDF version <1.7>, but at most version <1.5> allowed
<imagenes/Cuadricoptero_vision/on_board.pdf, id=2235, 844.15375pt x 597.23125pt
>
File: imagenes/Cuadricoptero_vision/on_board.pdf Graphic file (type pdf)
<use imagenes/Cuadricoptero_vision/on_board.pdf>
Package pdftex.def Info: imagenes/Cuadricoptero_vision/on_board.pdf  used on in
put line 9.
(pdftex.def)             Requested size: 337.65552pt x 227.50739pt.
[99

 <./imagenes/Cuadricoptero_vision/on_board.pdf>] [100]
<imagenes/Cuadricoptero_vision/OV7670.jpg, id=2270, 311.1625pt x 299.1175pt>
File: imagenes/Cuadricoptero_vision/OV7670.jpg Graphic file (type jpg)
<use imagenes/Cuadricoptero_vision/OV7670.jpg>
Package pdftex.def Info: imagenes/Cuadricoptero_vision/OV7670.jpg  used on inpu
t line 38.
(pdftex.def)             Requested size: 124.46278pt x 119.64487pt.

Overfull \hbox (8.08286pt too wide) in paragraph at lines 43--44
\OT1/cmr/m/n/10 lar to an I2C com-mu-ni-ca-tion and whose reg-is-ters can be fo
und in the datasheet[[]].
 []

<imagenes/Cuadricoptero_vision/pixel_OV7670.png, id=2274, 316.18124pt x 170.888
44pt>
File: imagenes/Cuadricoptero_vision/pixel_OV7670.png Graphic file (type png)
<use imagenes/Cuadricoptero_vision/pixel_OV7670.png>
Package pdftex.def Info: imagenes/Cuadricoptero_vision/pixel_OV7670.png  used o
n input line 51.
(pdftex.def)             Requested size: 189.7102pt x 85.46208pt.
<imagenes/Cuadricoptero_vision/I2C_write.PNG, id=2277, 323.70938pt x 263.48438p
t>
File: imagenes/Cuadricoptero_vision/I2C_write.PNG Graphic file (type png)
<use imagenes/Cuadricoptero_vision/I2C_write.PNG>
Package pdftex.def Info: imagenes/Cuadricoptero_vision/I2C_write.PNG  used on i
nput line 66.
(pdftex.def)             Requested size: 129.48145pt x 105.39188pt.
[101 <./imagenes/Cuadricoptero_vision/pixel_OV7670.png> <./imagenes/Cuadricopte
ro_vision/OV7670.jpg>]

pdfTeX warning: pdflatex.exe (file ./imagenes/Cuadricoptero_vision/I2C_WRITE.pd
f): PDF inclusion: found PDF version <1.7>, but at most version <1.5> allowed
<imagenes/Cuadricoptero_vision/I2C_WRITE.pdf, id=2286, 615.29875pt x 1520.68124
pt>
File: imagenes/Cuadricoptero_vision/I2C_WRITE.pdf Graphic file (type pdf)
<use imagenes/Cuadricoptero_vision/I2C_WRITE.pdf>
Package pdftex.def Info: imagenes/Cuadricoptero_vision/I2C_WRITE.pdf  used on i
nput line 75.
(pdftex.def)             Requested size: 307.64862pt x 589.62268pt.
[102 <./imagenes/Cuadricoptero_vision/I2C_write.PNG>]
Overfull \vbox (13.62268pt too high) has occurred while \output is active []


[103 <./imagenes/Cuadricoptero_vision/I2C_WRITE.pdf>]
<imagenes/Cuadricoptero_vision/OV7670_schematic.png, id=2307, 334.24875pt x 205
.9695pt>
File: imagenes/Cuadricoptero_vision/OV7670_schematic.png Graphic file (type png
)
<use imagenes/Cuadricoptero_vision/OV7670_schematic.png>
Package pdftex.def Info: imagenes/Cuadricoptero_vision/OV7670_schematic.png  us
ed on input line 86.
(pdftex.def)             Requested size: 233.97252pt x 144.17764pt.
<imagenes/Cuadricoptero_vision/triestado.png, id=2311, 258.9675pt x 187.45032pt
>
File: imagenes/Cuadricoptero_vision/triestado.png Graphic file (type png)
<use imagenes/Cuadricoptero_vision/triestado.png>
Package pdftex.def Info: imagenes/Cuadricoptero_vision/triestado.png  used on i
nput line 100.
(pdftex.def)             Requested size: 155.38168pt x 112.47104pt.
 [104 <./imagenes/Cuadricoptero_vision/OV7670_schematic.png>]
<imagenes/Cuadricoptero_vision/i2c_example.png, id=2319, 796.47563pt x 64.74188
pt>
File: imagenes/Cuadricoptero_vision/i2c_example.png Graphic file (type png)
<use imagenes/Cuadricoptero_vision/i2c_example.png>
Package pdftex.def Info: imagenes/Cuadricoptero_vision/i2c_example.png  used on
 input line 109.
(pdftex.def)             Requested size: 318.58461pt x 25.89629pt.

Underfull \hbox (badness 10000) in paragraph at lines 122--123

 []


Underfull \hbox (badness 10000) in paragraph at lines 124--125

 []

[105 <./imagenes/Cuadricoptero_vision/triestado.png> <./imagenes/Cuadricoptero_
vision/i2c_example.png>]
<imagenes/Cuadricoptero_vision/filas_module.png, id=2335, 204.765pt x 139.11975
pt>
File: imagenes/Cuadricoptero_vision/filas_module.png Graphic file (type png)
<use imagenes/Cuadricoptero_vision/filas_module.png>
Package pdftex.def Info: imagenes/Cuadricoptero_vision/filas_module.png  used o
n input line 172.
(pdftex.def)             Requested size: 122.85992pt x 83.47249pt.
 [106]
<imagenes/Cuadricoptero_vision/columnas_module.png, id=2348, 241.50224pt x 139.
11975pt>
File: imagenes/Cuadricoptero_vision/columnas_module.png Graphic file (type png)

<use imagenes/Cuadricoptero_vision/columnas_module.png>
Package pdftex.def Info: imagenes/Cuadricoptero_vision/columnas_module.png  use
d on input line 179.
(pdftex.def)             Requested size: 144.90245pt x 83.47249pt.


pdfTeX warning: pdflatex.exe (file ./imagenes/Cuadricoptero_vision/row_counter.
pdf): PDF inclusion: found PDF version <1.7>, but at most version <1.5> allowed

<imagenes/Cuadricoptero_vision/row_counter.pdf, id=2350, 598.235pt x 845.1575pt
>
File: imagenes/Cuadricoptero_vision/row_counter.pdf Graphic file (type pdf)
<use imagenes/Cuadricoptero_vision/row_counter.pdf>
Package pdftex.def Info: imagenes/Cuadricoptero_vision/row_counter.pdf  used on
 input line 189.
(pdftex.def)             Requested size: 299.11676pt x 194.95624pt.
<imagenes/Cuadricoptero_vision/sincronismo3.png, id=2355, 1096.095pt x 261.9787
4pt>
File: imagenes/Cuadricoptero_vision/sincronismo3.png Graphic file (type png)
<use imagenes/Cuadricoptero_vision/sincronismo3.png>
Package pdftex.def Info: imagenes/Cuadricoptero_vision/sincronismo3.png  used o
n input line 198.
(pdftex.def)             Requested size: 328.83104pt x 78.59422pt.
<imagenes/Cuadricoptero_vision/sincronismo1.png, id=2356, 557.83406pt x 107.652
19pt>
File: imagenes/Cuadricoptero_vision/sincronismo1.png Graphic file (type png)
<use imagenes/Cuadricoptero_vision/sincronismo1.png>
Package pdftex.def Info: imagenes/Cuadricoptero_vision/sincronismo1.png  used o
n input line 204.
(pdftex.def)             Requested size: 278.91634pt x 53.82596pt.
[107 <./imagenes/Cuadricoptero_vision/row_counter.pdf> <./imagenes/Cuadricopter
o_vision/filas_module.png> <./imagenes/Cuadricoptero_vision/columnas_module.png
>]
<imagenes/Cuadricoptero_vision/sincronismo2.png, id=2371, 453.94594pt x 96.36pt
>
File: imagenes/Cuadricoptero_vision/sincronismo2.png Graphic file (type png)
<use imagenes/Cuadricoptero_vision/sincronismo2.png>
Package pdftex.def Info: imagenes/Cuadricoptero_vision/sincronismo2.png  used o
n input line 210.
(pdftex.def)             Requested size: 272.36966pt x 57.81642pt.


pdfTeX warning: pdflatex.exe (file ./imagenes/Cuadricoptero_vision/assign_pixel
.pdf): PDF inclusion: found PDF version <1.7>, but at most version <1.5> allowe
d
<imagenes/Cuadricoptero_vision/assign_pixel.pdf, id=2377, 600.2425pt x 849.1725
pt>
File: imagenes/Cuadricoptero_vision/assign_pixel.pdf Graphic file (type pdf)
<use imagenes/Cuadricoptero_vision/assign_pixel.pdf>
Package pdftex.def Info: imagenes/Cuadricoptero_vision/assign_pixel.pdf  used o
n input line 243.
(pdftex.def)             Requested size: 300.12051pt x 253.86911pt.
[108 <./imagenes/Cuadricoptero_vision/sincronismo3.png> <./imagenes/Cuadricopte
ro_vision/sincronismo1.png> <./imagenes/Cuadricoptero_vision/sincronismo2.png>]
<imagenes/Cuadricoptero_vision/assign_bits.png, id=2389, 236.082pt x 346.896pt>

File: imagenes/Cuadricoptero_vision/assign_bits.png Graphic file (type png)
<use imagenes/Cuadricoptero_vision/assign_bits.png>
Package pdftex.def Info: imagenes/Cuadricoptero_vision/assign_bits.png  used on
 input line 252.
(pdftex.def)             Requested size: 141.65028pt x 208.13919pt.

Underfull \hbox (badness 10000) in paragraph at lines 258--259

 []

[109 <./imagenes/Cuadricoptero_vision/assign_pixel.pdf> <./imagenes/Cuadricopte
ro_vision/assign_bits.png>]
Underfull \hbox (badness 10000) in paragraph at lines 264--265

 []



pdfTeX warning: pdflatex.exe (file ./imagenes/Cuadricoptero_vision/control_impl
ementation.pdf): PDF inclusion: found PDF version <1.7>, but at most version <1
.5> allowed
<imagenes/Cuadricoptero_vision/control_implementation.pdf, id=2415, 846.16125pt
 x 598.235pt>
File: imagenes/Cuadricoptero_vision/control_implementation.pdf Graphic file (ty
pe pdf)
<use imagenes/Cuadricoptero_vision/control_implementation.pdf>
Package pdftex.def Info: imagenes/Cuadricoptero_vision/control_implementation.p
df  used on input line 272.
(pdftex.def)             Requested size: 338.45851pt x 239.28975pt.

Underfull \hbox (badness 10000) in paragraph at lines 278--279

 []

[110 <./imagenes/Cuadricoptero_vision/control_implementation.pdf>])
(capitulos/05_Conclusiones.tex [111] [112

]
Chapter 5.

Underfull \hbox (badness 10000) in paragraph at lines 16--17

 []

[113]) (TFG.bbl [114]
Underfull \hbox (badness 2134) in paragraph at lines 4--8
[]\OT1/cmr/m/n/10 WikiPedia.  Dig-i-tal elec-ton-ics.  []$\OT1/cmtt/m/n/10 http
s : / / en . wikipedia . org / wiki /
 []


Underfull \hbox (badness 2538) in paragraph at lines 10--15
[]\OT1/cmr/m/n/10 What is a fpga?  []$\OT1/cmtt/m/n/10 http : / / fpgayxilinx .
 blogspot . com / 2016 / 08 /
 []


Underfull \hbox (badness 10000) in paragraph at lines 44--47
[]\OT1/cmr/m/n/10 Juan Ordo~nez.  Repos-i-to-rio github.  []$\OT1/cmtt/m/n/10 h
ttps : / / github . com /
 []

[115

]
Underfull \hbox (badness 10000) in paragraph at lines 148--153
\OT1/cmtt/m/n/10 supporting-[]information / flexibleCameraInterfaceSolution _ 1
 . pdf$[]\OT1/cmr/m/n/10 ,
 []

[116]) [117] [118

]
Package atveryend Info: Empty hook `BeforeClearDocument' on input line 228.
 [119]
Package atveryend Info: Empty hook `AfterLastShipout' on input line 228.
 (TFG.aux)
Package atveryend Info: Executing hook `AtVeryEndDocument' on input line 228.
Package atveryend Info: Executing hook `AtEndAfterFileList' on input line 228.
Package rerunfilecheck Info: File `TFG.out' has not changed.
(rerunfilecheck)             Checksum: AB640322979402A1020555644275F055;3075.


LaTeX Warning: There were undefined references.

Package atveryend Info: Empty hook `AtVeryVeryEnd' on input line 228.
 ) 
Here is how much of TeX's memory you used:
 12070 strings out of 492972
 193725 string characters out of 3126622
 307869 words of memory out of 3000000
 15270 multiletter control sequences out of 15000+200000
 11042 words of font info for 40 fonts, out of 3000000 for 9000
 1141 hyphenation exceptions out of 8191
 36i,19n,43p,845b,468s stack positions out of 5000i,500n,10000p,200000b,50000s
pdfTeX warning (dest): name{Hfootnote.2} has been referenced but does not exi
st, replaced by a fixed one

pdfTeX warning (dest): name{Hfootnote.1} has been referenced but does not exist
, replaced by a fixed one

<C:/Users/jordo/AppData/Local/Programs/MiKTeX 2.9/fonts/type1/public/amsfonts/c
m/cmbx10.pfb><C:/Users/jordo/AppData/Local/Programs/MiKTeX 2.9/fonts/type1/publ
ic/amsfonts/cm/cmbx12.pfb><C:/Users/jordo/AppData/Local/Programs/MiKTeX 2.9/fon
ts/type1/public/amsfonts/cm/cmbxti10.pfb><C:/Users/jordo/AppData/Local/Programs
/MiKTeX 2.9/fonts/type1/public/amsfonts/cm/cmcsc10.pfb><C:/Users/jordo/AppData/
Local/Programs/MiKTeX 2.9/fonts/type1/public/amsfonts/cm/cmex10.pfb><C:/Users/j
ordo/AppData/Local/Programs/MiKTeX 2.9/fonts/type1/public/amsfonts/cm/cmmi10.pf
b><C:/Users/jordo/AppData/Local/Programs/MiKTeX 2.9/fonts/type1/public/amsfonts
/cm/cmmi7.pfb><C:/Users/jordo/AppData/Local/Programs/MiKTeX 2.9/fonts/type1/pub
lic/amsfonts/cm/cmr10.pfb><C:/Users/jordo/AppData/Local/Programs/MiKTeX 2.9/fon
ts/type1/public/amsfonts/cm/cmr5.pfb><C:/Users/jordo/AppData/Local/Programs/MiK
TeX 2.9/fonts/type1/public/amsfonts/cm/cmr6.pfb><C:/Users/jordo/AppData/Local/P
rograms/MiKTeX 2.9/fonts/type1/public/amsfonts/cm/cmr7.pfb><C:/Users/jordo/AppD
ata/Local/Programs/MiKTeX 2.9/fonts/type1/public/amsfonts/cm/cmr8.pfb><C:/Users
/jordo/AppData/Local/Programs/MiKTeX 2.9/fonts/type1/public/amsfonts/cm/cmsl10.
pfb><C:/Users/jordo/AppData/Local/Programs/MiKTeX 2.9/fonts/type1/public/amsfon
ts/cm/cmsy10.pfb><C:/Users/jordo/AppData/Local/Programs/MiKTeX 2.9/fonts/type1/
public/amsfonts/cm/cmsy7.pfb><C:/Users/jordo/AppData/Local/Programs/MiKTeX 2.9/
fonts/type1/public/amsfonts/cm/cmti10.pfb><C:/Users/jordo/AppData/Local/Program
s/MiKTeX 2.9/fonts/type1/public/amsfonts/cm/cmtt10.pfb><C:/Users/jordo/AppData/
Local/Programs/MiKTeX 2.9/fonts/type1/public/eurosym/feybr10.pfb>
Output written on TFG.pdf (123 pages, 11498569 bytes).
PDF statistics:
 2661 PDF objects out of 2984 (max. 8388607)
 355 named destinations out of 1000 (max. 500000)
 1091 words of extra memory for PDF output out of 10000 (max. 10000000)

