\BOOKMARK [0][-]{chapter.1}{Introduction}{}% 1
\BOOKMARK [1][-]{subsection.1.0.1}{Motivation and Objectives}{chapter.1}% 2
\BOOKMARK [2][-]{subsection.1.0.2}{Planification \(Gantt Diagram\)}{subsection.1.0.1}% 3
\BOOKMARK [2][-]{subsection.1.0.3}{Work Methodology}{subsection.1.0.1}% 4
\BOOKMARK [2][-]{subsection.1.0.4}{Memory Structure}{subsection.1.0.1}% 5
\BOOKMARK [0][-]{chapter.2}{State of the art}{}% 6
\BOOKMARK [1][-]{section.2.1}{FPGA concept}{chapter.2}% 7
\BOOKMARK [2][-]{subsection.2.1.1}{Evolution and scenario}{section.2.1}% 8
\BOOKMARK [2][-]{subsection.2.1.2}{FPGA Architecture}{section.2.1}% 9
\BOOKMARK [2][-]{subsection.2.1.3}{Hardware Description Languages}{section.2.1}% 10
\BOOKMARK [2][-]{subsection.2.1.4}{Verilog}{section.2.1}% 11
\BOOKMARK [1][-]{section.2.2}{Open FPGAs evolution}{chapter.2}% 12
\BOOKMARK [2][-]{subsection.2.2.1}{IceZum Alhambra}{section.2.2}% 13
\BOOKMARK [2][-]{subsection.2.2.2}{IceStudio}{section.2.2}% 14
\BOOKMARK [1][-]{section.2.3}{Microcontroller-FPGA coexistence}{chapter.2}% 15
\BOOKMARK [2][-]{subsection.2.3.1}{Microcontroller-FPGA differences}{section.2.3}% 16
\BOOKMARK [2][-]{subsection.2.3.2}{Importance}{section.2.3}% 17
\BOOKMARK [1][-]{section.2.4}{Inertial Measurement Unit}{chapter.2}% 18
\BOOKMARK [1][-]{section.2.5}{Educational Robotics \205 Motivations and necessity}{chapter.2}% 19
\BOOKMARK [1][-]{section.2.6}{Sensors, actuators and control system}{chapter.2}% 20
\BOOKMARK [1][-]{section.2.7}{Classic PID controller}{chapter.2}% 21
\BOOKMARK [0][-]{chapter.3}{Self-Balancing Robot}{}% 22
\BOOKMARK [1][-]{section.3.1}{Problem Description}{chapter.3}% 23
\BOOKMARK [1][-]{section.3.2}{System Design}{chapter.3}% 24
\BOOKMARK [1][-]{section.3.3}{System Implementation}{chapter.3}% 25
\BOOKMARK [2][-]{subsection.3.3.1}{Mechanical Structure Manufacturing}{section.3.3}% 26
\BOOKMARK [2][-]{subsection.3.3.2}{Inertial Measurement Unit MPU6050 in Arduino Nano}{section.3.3}% 27
\BOOKMARK [2][-]{subsection.3.3.3}{Implementaci\363n PCB}{section.3.3}% 28
\BOOKMARK [2][-]{subsection.3.3.4}{IceZum Alhambra-Arduino Nano Implementation}{section.3.3}% 29
\BOOKMARK [2][-]{subsection.3.3.5}{PID Control in IceZum Alhambra}{section.3.3}% 30
\BOOKMARK [2][-]{subsection.3.3.6}{Controlador de motores}{section.3.3}% 31
\BOOKMARK [2][-]{subsection.3.3.7}{Power Supply System}{section.3.3}% 32
\BOOKMARK [2][-]{subsection.3.3.8}{Materials and Prototype Cost}{section.3.3}% 33
\BOOKMARK [1][-]{section.3.4}{Experiments and final results}{chapter.3}% 34
\BOOKMARK [2][-]{subsection.3.4.1}{Self-Balancing Robot}{section.3.4}% 35
\BOOKMARK [2][-]{subsection.3.4.2}{VGA Module}{section.3.4}% 36
\BOOKMARK [2][-]{subsection.3.4.3}{Motor brushless Controller}{section.3.4}% 37
\BOOKMARK [0][-]{chapter.4}{Quadcopter with artificial vision}{}% 38
\BOOKMARK [1][-]{section.4.1}{Design}{chapter.4}% 39
\BOOKMARK [1][-]{section.4.2}{Perception Implementation}{chapter.4}% 40
\BOOKMARK [1][-]{section.4.3}{Control Implementation}{chapter.4}% 41
\BOOKMARK [0][-]{chapter.5}{Conclusions and future work}{}% 42
