This is pdfTeX, Version 3.14159265-2.6-1.40.19 (MiKTeX 2.9.6800 64-bit) (preloaded format=pdflatex 2018.9.21)  18 NOV 2018 19:08
entering extended mode
**./main.tex
(main.tex
LaTeX2e <2018-04-01> patch level 5
("C:\Users\jordo\AppData\Local\Programs\MiKTeX 2.9\tex\latex\beamer\beamer.cls"
Document Class: beamer 2018/09/20 v3.54 A class for typesetting presentations

("C:\Users\jordo\AppData\Local\Programs\MiKTeX 2.9\tex\latex\beamer\beamerbasem
odes.sty"
("C:\Users\jordo\AppData\Local\Programs\MiKTeX 2.9\tex\latex\etoolbox\etoolbox.
sty"
Package: etoolbox 2018/08/19 v2.5f e-TeX tools for LaTeX (JAW)
\etb@tempcnta=\count80
)
\beamer@tempbox=\box26
\beamer@tempcount=\count81
\c@beamerpauses=\count82

("C:\Users\jordo\AppData\Local\Programs\MiKTeX 2.9\tex\latex\beamer\beamerbased
ecode.sty"
\beamer@slideinframe=\count83
\beamer@minimum=\count84
)
\beamer@commentbox=\box27
\beamer@modecount=\count85
)
("C:\Users\jordo\AppData\Local\Programs\MiKTeX 2.9\tex\generic\oberdiek\ifpdf.s
ty"
Package: ifpdf 2018/09/07 v3.3 Provides the ifpdf switch
)
\headdp=\dimen102
\footheight=\dimen103
\sidebarheight=\dimen104
\beamer@tempdim=\dimen105
\beamer@finalheight=\dimen106
\beamer@animht=\dimen107
\beamer@animdp=\dimen108
\beamer@animwd=\dimen109
\beamer@leftmargin=\dimen110
\beamer@rightmargin=\dimen111
\beamer@leftsidebar=\dimen112
\beamer@rightsidebar=\dimen113
\beamer@boxsize=\dimen114
\beamer@vboxoffset=\dimen115
\beamer@descdefault=\dimen116
\beamer@descriptionwidth=\dimen117
\beamer@lastskip=\skip41
\beamer@areabox=\box28
\beamer@animcurrent=\box29
\beamer@animshowbox=\box30
\beamer@sectionbox=\box31
\beamer@logobox=\box32
\beamer@linebox=\box33
\beamer@sectioncount=\count86
\beamer@subsubsectionmax=\count87
\beamer@subsectionmax=\count88
\beamer@sectionmax=\count89
\beamer@totalheads=\count90
\beamer@headcounter=\count91
\beamer@partstartpage=\count92
\beamer@sectionstartpage=\count93
\beamer@subsectionstartpage=\count94
\beamer@animationtempa=\count95
\beamer@animationtempb=\count96
\beamer@xpos=\count97
\beamer@ypos=\count98
\beamer@ypos@offset=\count99
\beamer@showpartnumber=\count100
\beamer@currentsubsection=\count101
\beamer@coveringdepth=\count102
\beamer@sectionadjust=\count103
\beamer@tocsectionnumber=\count104

("C:\Users\jordo\AppData\Local\Programs\MiKTeX 2.9\tex\latex\beamer\beamerbaseo
ptions.sty"
("C:\Users\jordo\AppData\Local\Programs\MiKTeX 2.9\tex\latex\graphics\keyval.st
y"
Package: keyval 2014/10/28 v1.15 key=value parser (DPC)
\KV@toks@=\toks14
))
\beamer@paperwidth=\skip42
\beamer@paperheight=\skip43

("C:\Users\jordo\AppData\Local\Programs\MiKTeX 2.9\tex\latex\geometry\geometry.
sty"
Package: geometry 2018/04/16 v5.8 Page Geometry

("C:\Users\jordo\AppData\Local\Programs\MiKTeX 2.9\tex\generic\oberdiek\ifvtex.
sty"
Package: ifvtex 2016/05/16 v1.6 Detect VTeX and its facilities (HO)
Package ifvtex Info: VTeX not detected.
)
("C:\Users\jordo\AppData\Local\Programs\MiKTeX 2.9\tex\generic\ifxetex\ifxetex.
sty"
Package: ifxetex 2010/09/12 v0.6 Provides ifxetex conditional
)
\Gm@cnth=\count105
\Gm@cntv=\count106
\c@Gm@tempcnt=\count107
\Gm@bindingoffset=\dimen118
\Gm@wd@mp=\dimen119
\Gm@odd@mp=\dimen120
\Gm@even@mp=\dimen121
\Gm@layoutwidth=\dimen122
\Gm@layoutheight=\dimen123
\Gm@layouthoffset=\dimen124
\Gm@layoutvoffset=\dimen125
\Gm@dimlist=\toks15

("C:\Users\jordo\AppData\Local\Programs\MiKTeX 2.9\tex\latex\geometry\geometry.
cfg"))
("C:\Users\jordo\AppData\Local\Programs\MiKTeX 2.9\tex\latex\base\size11.clo"
File: size11.clo 2014/09/29 v1.4h Standard LaTeX file (size option)
)
("C:\Users\jordo\AppData\Local\Programs\MiKTeX 2.9\tex\latex\pgf\basiclayer\pgf
core.sty"
("C:\Users\jordo\AppData\Local\Programs\MiKTeX 2.9\tex\latex\graphics\graphicx.
sty"
Package: graphicx 2017/06/01 v1.1a Enhanced LaTeX Graphics (DPC,SPQR)

("C:\Users\jordo\AppData\Local\Programs\MiKTeX 2.9\tex\latex\graphics\graphics.
sty"
Package: graphics 2017/06/25 v1.2c Standard LaTeX Graphics (DPC,SPQR)

("C:\Users\jordo\AppData\Local\Programs\MiKTeX 2.9\tex\latex\graphics\trig.sty"
Package: trig 2016/01/03 v1.10 sin cos tan (DPC)
)
("C:\Users\jordo\AppData\Local\Programs\MiKTeX 2.9\tex\latex\graphics-cfg\graph
ics.cfg"
File: graphics.cfg 2016/06/04 v1.11 sample graphics configuration
)
Package graphics Info: Driver file: pdftex.def on input line 99.

("C:\Users\jordo\AppData\Local\Programs\MiKTeX 2.9\tex\latex\graphics-def\pdfte
x.def"
File: pdftex.def 2018/01/08 v1.0l Graphics/color driver for pdftex
))
\Gin@req@height=\dimen126
\Gin@req@width=\dimen127
)
("C:\Users\jordo\AppData\Local\Programs\MiKTeX 2.9\tex\latex\pgf\systemlayer\pg
fsys.sty"
("C:\Users\jordo\AppData\Local\Programs\MiKTeX 2.9\tex\latex\pgf\utilities\pgfr
cs.sty"
("C:\Users\jordo\AppData\Local\Programs\MiKTeX 2.9\tex\generic\pgf\utilities\pg
futil-common.tex"
\pgfutil@everybye=\toks16
\pgfutil@tempdima=\dimen128
\pgfutil@tempdimb=\dimen129

("C:\Users\jordo\AppData\Local\Programs\MiKTeX 2.9\tex\generic\pgf\utilities\pg
futil-common-lists.tex"))
("C:\Users\jordo\AppData\Local\Programs\MiKTeX 2.9\tex\generic\pgf\utilities\pg
futil-latex.def"
\pgfutil@abb=\box34

("C:\Users\jordo\AppData\Local\Programs\MiKTeX 2.9\tex\latex\ms\everyshi.sty"
Package: everyshi 2001/05/15 v3.00 EveryShipout Package (MS)
))
("C:\Users\jordo\AppData\Local\Programs\MiKTeX 2.9\tex\generic\pgf\utilities\pg
frcs.code.tex"
Package: pgfrcs 2015/08/07 v3.0.1a (rcs-revision 1.31)
))
("C:\Users\jordo\AppData\Local\Programs\MiKTeX 2.9\tex\generic\pgf\systemlayer\
pgfsys.code.tex"
Package: pgfsys 2014/07/09 v3.0.1a (rcs-revision 1.48)

("C:\Users\jordo\AppData\Local\Programs\MiKTeX 2.9\tex\generic\pgf\utilities\pg
fkeys.code.tex"
\pgfkeys@pathtoks=\toks17
\pgfkeys@temptoks=\toks18

("C:\Users\jordo\AppData\Local\Programs\MiKTeX 2.9\tex\generic\pgf\utilities\pg
fkeysfiltered.code.tex"
\pgfkeys@tmptoks=\toks19
))
\pgf@x=\dimen130
\pgf@y=\dimen131
\pgf@xa=\dimen132
\pgf@ya=\dimen133
\pgf@xb=\dimen134
\pgf@yb=\dimen135
\pgf@xc=\dimen136
\pgf@yc=\dimen137
\w@pgf@writea=\write3
\r@pgf@reada=\read1
\c@pgf@counta=\count108
\c@pgf@countb=\count109
\c@pgf@countc=\count110
\c@pgf@countd=\count111
\t@pgf@toka=\toks20
\t@pgf@tokb=\toks21
\t@pgf@tokc=\toks22

("C:\Users\jordo\AppData\Local\Programs\MiKTeX 2.9\tex\generic\pgf\systemlayer\
pgf.cfg"
File: pgf.cfg 2008/05/14  (rcs-revision 1.7)
)
Driver file for pgf: pgfsys-pdftex.def

("C:\Users\jordo\AppData\Local\Programs\MiKTeX 2.9\tex\generic\pgf\systemlayer\
pgfsys-pdftex.def"
File: pgfsys-pdftex.def 2014/10/11  (rcs-revision 1.35)

("C:\Users\jordo\AppData\Local\Programs\MiKTeX 2.9\tex\generic\pgf\systemlayer\
pgfsys-common-pdf.def"
File: pgfsys-common-pdf.def 2013/10/10  (rcs-revision 1.13)
)))
("C:\Users\jordo\AppData\Local\Programs\MiKTeX 2.9\tex\generic\pgf\systemlayer\
pgfsyssoftpath.code.tex"
File: pgfsyssoftpath.code.tex 2013/09/09  (rcs-revision 1.9)
\pgfsyssoftpath@smallbuffer@items=\count112
\pgfsyssoftpath@bigbuffer@items=\count113
)
("C:\Users\jordo\AppData\Local\Programs\MiKTeX 2.9\tex\generic\pgf\systemlayer\
pgfsysprotocol.code.tex"
File: pgfsysprotocol.code.tex 2006/10/16  (rcs-revision 1.4)
))
("C:\Users\jordo\AppData\Local\Programs\MiKTeX 2.9\tex\latex\xcolor\xcolor.sty"
Package: xcolor 2016/05/11 v2.12 LaTeX color extensions (UK)

("C:\Users\jordo\AppData\Local\Programs\MiKTeX 2.9\tex\latex\graphics-cfg\color
.cfg"
File: color.cfg 2016/01/02 v1.6 sample color configuration
)
Package xcolor Info: Driver file: pdftex.def on input line 225.
Package xcolor Info: Model `cmy' substituted by `cmy0' on input line 1348.
Package xcolor Info: Model `hsb' substituted by `rgb' on input line 1352.
Package xcolor Info: Model `RGB' extended on input line 1364.
Package xcolor Info: Model `HTML' substituted by `rgb' on input line 1366.
Package xcolor Info: Model `Hsb' substituted by `hsb' on input line 1367.
Package xcolor Info: Model `tHsb' substituted by `hsb' on input line 1368.
Package xcolor Info: Model `HSB' substituted by `hsb' on input line 1369.
Package xcolor Info: Model `Gray' substituted by `gray' on input line 1370.
Package xcolor Info: Model `wave' substituted by `hsb' on input line 1371.
)
("C:\Users\jordo\AppData\Local\Programs\MiKTeX 2.9\tex\generic\pgf\basiclayer\p
gfcore.code.tex"
Package: pgfcore 2010/04/11 v3.0.1a (rcs-revision 1.7)

("C:\Users\jordo\AppData\Local\Programs\MiKTeX 2.9\tex\generic\pgf\math\pgfmath
.code.tex"
("C:\Users\jordo\AppData\Local\Programs\MiKTeX 2.9\tex\generic\pgf\math\pgfmath
calc.code.tex"
("C:\Users\jordo\AppData\Local\Programs\MiKTeX 2.9\tex\generic\pgf\math\pgfmath
util.code.tex")
("C:\Users\jordo\AppData\Local\Programs\MiKTeX 2.9\tex\generic\pgf\math\pgfmath
parser.code.tex"
\pgfmath@dimen=\dimen138
\pgfmath@count=\count114
\pgfmath@box=\box35
\pgfmath@toks=\toks23
\pgfmath@stack@operand=\toks24
\pgfmath@stack@operation=\toks25
)
("C:\Users\jordo\AppData\Local\Programs\MiKTeX 2.9\tex\generic\pgf\math\pgfmath
functions.code.tex"
("C:\Users\jordo\AppData\Local\Programs\MiKTeX 2.9\tex\generic\pgf\math\pgfmath
functions.basic.code.tex")
("C:\Users\jordo\AppData\Local\Programs\MiKTeX 2.9\tex\generic\pgf\math\pgfmath
functions.trigonometric.code.tex")
("C:\Users\jordo\AppData\Local\Programs\MiKTeX 2.9\tex\generic\pgf\math\pgfmath
functions.random.code.tex")
("C:\Users\jordo\AppData\Local\Programs\MiKTeX 2.9\tex\generic\pgf\math\pgfmath
functions.comparison.code.tex")
("C:\Users\jordo\AppData\Local\Programs\MiKTeX 2.9\tex\generic\pgf\math\pgfmath
functions.base.code.tex")
("C:\Users\jordo\AppData\Local\Programs\MiKTeX 2.9\tex\generic\pgf\math\pgfmath
functions.round.code.tex")
("C:\Users\jordo\AppData\Local\Programs\MiKTeX 2.9\tex\generic\pgf\math\pgfmath
functions.misc.code.tex")
("C:\Users\jordo\AppData\Local\Programs\MiKTeX 2.9\tex\generic\pgf\math\pgfmath
functions.integerarithmetics.code.tex")))
("C:\Users\jordo\AppData\Local\Programs\MiKTeX 2.9\tex\generic\pgf\math\pgfmath
float.code.tex"
\c@pgfmathroundto@lastzeros=\count115
))
("C:\Users\jordo\AppData\Local\Programs\MiKTeX 2.9\tex\generic\pgf\basiclayer\p
gfcorepoints.code.tex"
File: pgfcorepoints.code.tex 2013/10/07  (rcs-revision 1.27)
\pgf@picminx=\dimen139
\pgf@picmaxx=\dimen140
\pgf@picminy=\dimen141
\pgf@picmaxy=\dimen142
\pgf@pathminx=\dimen143
\pgf@pathmaxx=\dimen144
\pgf@pathminy=\dimen145
\pgf@pathmaxy=\dimen146
\pgf@xx=\dimen147
\pgf@xy=\dimen148
\pgf@yx=\dimen149
\pgf@yy=\dimen150
\pgf@zx=\dimen151
\pgf@zy=\dimen152
)
("C:\Users\jordo\AppData\Local\Programs\MiKTeX 2.9\tex\generic\pgf\basiclayer\p
gfcorepathconstruct.code.tex"
File: pgfcorepathconstruct.code.tex 2013/10/07  (rcs-revision 1.29)
\pgf@path@lastx=\dimen153
\pgf@path@lasty=\dimen154
)
("C:\Users\jordo\AppData\Local\Programs\MiKTeX 2.9\tex\generic\pgf\basiclayer\p
gfcorepathusage.code.tex"
File: pgfcorepathusage.code.tex 2014/11/02  (rcs-revision 1.24)
\pgf@shorten@end@additional=\dimen155
\pgf@shorten@start@additional=\dimen156
)
("C:\Users\jordo\AppData\Local\Programs\MiKTeX 2.9\tex\generic\pgf\basiclayer\p
gfcorescopes.code.tex"
File: pgfcorescopes.code.tex 2015/05/08  (rcs-revision 1.46)
\pgfpic=\box36
\pgf@hbox=\box37
\pgf@layerbox@main=\box38
\pgf@picture@serial@count=\count116
)
("C:\Users\jordo\AppData\Local\Programs\MiKTeX 2.9\tex\generic\pgf\basiclayer\p
gfcoregraphicstate.code.tex"
File: pgfcoregraphicstate.code.tex 2014/11/02  (rcs-revision 1.12)
\pgflinewidth=\dimen157
)
("C:\Users\jordo\AppData\Local\Programs\MiKTeX 2.9\tex\generic\pgf\basiclayer\p
gfcoretransformations.code.tex"
File: pgfcoretransformations.code.tex 2015/08/07  (rcs-revision 1.20)
\pgf@pt@x=\dimen158
\pgf@pt@y=\dimen159
\pgf@pt@temp=\dimen160
)
("C:\Users\jordo\AppData\Local\Programs\MiKTeX 2.9\tex\generic\pgf\basiclayer\p
gfcorequick.code.tex"
File: pgfcorequick.code.tex 2008/10/09  (rcs-revision 1.3)
)
("C:\Users\jordo\AppData\Local\Programs\MiKTeX 2.9\tex\generic\pgf\basiclayer\p
gfcoreobjects.code.tex"
File: pgfcoreobjects.code.tex 2006/10/11  (rcs-revision 1.2)
)
("C:\Users\jordo\AppData\Local\Programs\MiKTeX 2.9\tex\generic\pgf\basiclayer\p
gfcorepathprocessing.code.tex"
File: pgfcorepathprocessing.code.tex 2013/09/09  (rcs-revision 1.9)
)
("C:\Users\jordo\AppData\Local\Programs\MiKTeX 2.9\tex\generic\pgf\basiclayer\p
gfcorearrows.code.tex"
File: pgfcorearrows.code.tex 2015/05/14  (rcs-revision 1.43)
\pgfarrowsep=\dimen161
)
("C:\Users\jordo\AppData\Local\Programs\MiKTeX 2.9\tex\generic\pgf\basiclayer\p
gfcoreshade.code.tex"
File: pgfcoreshade.code.tex 2013/07/15  (rcs-revision 1.15)
\pgf@max=\dimen162
\pgf@sys@shading@range@num=\count117
)
("C:\Users\jordo\AppData\Local\Programs\MiKTeX 2.9\tex\generic\pgf\basiclayer\p
gfcoreimage.code.tex"
File: pgfcoreimage.code.tex 2013/07/15  (rcs-revision 1.18)

("C:\Users\jordo\AppData\Local\Programs\MiKTeX 2.9\tex\generic\pgf\basiclayer\p
gfcoreexternal.code.tex"
File: pgfcoreexternal.code.tex 2014/07/09  (rcs-revision 1.21)
\pgfexternal@startupbox=\box39
))
("C:\Users\jordo\AppData\Local\Programs\MiKTeX 2.9\tex\generic\pgf\basiclayer\p
gfcorelayers.code.tex"
File: pgfcorelayers.code.tex 2013/07/18  (rcs-revision 1.7)
)
("C:\Users\jordo\AppData\Local\Programs\MiKTeX 2.9\tex\generic\pgf\basiclayer\p
gfcoretransparency.code.tex"
File: pgfcoretransparency.code.tex 2013/09/30  (rcs-revision 1.5)
)
("C:\Users\jordo\AppData\Local\Programs\MiKTeX 2.9\tex\generic\pgf\basiclayer\p
gfcorepatterns.code.tex"
File: pgfcorepatterns.code.tex 2013/11/07  (rcs-revision 1.5)
)))
("C:\Users\jordo\AppData\Local\Programs\MiKTeX 2.9\tex\latex\pgf\utilities\xxco
lor.sty"
Package: xxcolor 2003/10/24 ver 0.1
\XC@nummixins=\count118
\XC@countmixins=\count119
)
("C:\Users\jordo\AppData\Local\Programs\MiKTeX 2.9\tex\generic\oberdiek\atbegsh
i.sty"
Package: atbegshi 2016/06/09 v1.18 At begin shipout hook (HO)

("C:\Users\jordo\AppData\Local\Programs\MiKTeX 2.9\tex\generic\oberdiek\infware
rr.sty"
Package: infwarerr 2016/05/16 v1.4 Providing info/warning/error messages (HO)
)
("C:\Users\jordo\AppData\Local\Programs\MiKTeX 2.9\tex\generic\oberdiek\ltxcmds
.sty"
Package: ltxcmds 2016/05/16 v1.23 LaTeX kernel commands for general use (HO)
))
("C:\Users\jordo\AppData\Local\Programs\MiKTeX 2.9\tex\latex\hyperref\hyperref.
sty"
Package: hyperref 2018/02/06 v6.86b Hypertext links for LaTeX

("C:\Users\jordo\AppData\Local\Programs\MiKTeX 2.9\tex\generic\oberdiek\hobsub-
hyperref.sty"
Package: hobsub-hyperref 2016/05/16 v1.14 Bundle oberdiek, subset hyperref (HO)


("C:\Users\jordo\AppData\Local\Programs\MiKTeX 2.9\tex\generic\oberdiek\hobsub-
generic.sty"
Package: hobsub-generic 2016/05/16 v1.14 Bundle oberdiek, subset generic (HO)
Package: hobsub 2016/05/16 v1.14 Construct package bundles (HO)
Package hobsub Info: Skipping package `infwarerr' (already loaded).
Package hobsub Info: Skipping package `ltxcmds' (already loaded).
Package: ifluatex 2016/05/16 v1.4 Provides the ifluatex switch (HO)
Package ifluatex Info: LuaTeX not detected.
Package hobsub Info: Skipping package `ifvtex' (already loaded).
Package: intcalc 2016/05/16 v1.2 Expandable calculations with integers (HO)
Package hobsub Info: Skipping package `ifpdf' (already loaded).
Package: etexcmds 2016/05/16 v1.6 Avoid name clashes with e-TeX commands (HO)
Package etexcmds Info: Could not find \expanded.
(etexcmds)             That can mean that you are not using pdfTeX 1.50 or
(etexcmds)             that some package has redefined \expanded.
(etexcmds)             In the latter case, load this package earlier.
Package: kvsetkeys 2016/05/16 v1.17 Key value parser (HO)
Package: kvdefinekeys 2016/05/16 v1.4 Define keys (HO)
Package: pdftexcmds 2018/09/10 v0.29 Utility functions of pdfTeX for LuaTeX (HO
)
Package pdftexcmds Info: LuaTeX not detected.
Package pdftexcmds Info: \pdf@primitive is available.
Package pdftexcmds Info: \pdf@ifprimitive is available.
Package pdftexcmds Info: \pdfdraftmode found.
Package: pdfescape 2016/05/16 v1.14 Implements pdfTeX's escape features (HO)
Package: bigintcalc 2016/05/16 v1.4 Expandable calculations on big integers (HO
)
Package: bitset 2016/05/16 v1.2 Handle bit-vector datatype (HO)
Package: uniquecounter 2016/05/16 v1.3 Provide unlimited unique counter (HO)
)
Package hobsub Info: Skipping package `hobsub' (already loaded).
Package: letltxmacro 2016/05/16 v1.5 Let assignment for LaTeX macros (HO)
Package: hopatch 2016/05/16 v1.3 Wrapper for package hooks (HO)
Package: xcolor-patch 2016/05/16 xcolor patch
Package: atveryend 2016/05/16 v1.9 Hooks at the very end of document (HO)
Package hobsub Info: Skipping package `atbegshi' (already loaded).
Package: refcount 2016/05/16 v3.5 Data extraction from label references (HO)
Package: hycolor 2016/05/16 v1.8 Color options for hyperref/bookmark (HO)
)
("C:\Users\jordo\AppData\Local\Programs\MiKTeX 2.9\tex\latex\oberdiek\auxhook.s
ty"
Package: auxhook 2016/05/16 v1.4 Hooks for auxiliary files (HO)
)
("C:\Users\jordo\AppData\Local\Programs\MiKTeX 2.9\tex\latex\oberdiek\kvoptions
.sty"
Package: kvoptions 2016/05/16 v3.12 Key value format for package options (HO)
)
\@linkdim=\dimen163
\Hy@linkcounter=\count120
\Hy@pagecounter=\count121

("C:\Users\jordo\AppData\Local\Programs\MiKTeX 2.9\tex\latex\hyperref\pd1enc.de
f"
File: pd1enc.def 2018/02/06 v6.86b Hyperref: PDFDocEncoding definition (HO)
Now handling font encoding PD1 ...
... no UTF-8 mapping file for font encoding PD1
)
\Hy@SavedSpaceFactor=\count122

("C:\Users\jordo\AppData\Local\Programs\MiKTeX 2.9\tex\latex\00miktex\hyperref.
cfg"
File: hyperref.cfg 2002/06/06 v1.2 hyperref configuration of TeXLive
)
Package hyperref Info: Option `bookmarks' set `true' on input line 4383.
Package hyperref Info: Option `bookmarksopen' set `true' on input line 4383.
Package hyperref Info: Option `implicit' set `false' on input line 4383.
Package hyperref Info: Hyper figures OFF on input line 4509.
Package hyperref Info: Link nesting OFF on input line 4514.
Package hyperref Info: Hyper index ON on input line 4517.
Package hyperref Info: Plain pages OFF on input line 4524.
Package hyperref Info: Backreferencing OFF on input line 4529.
Package hyperref Info: Implicit mode OFF; no redefinition of LaTeX internals.
Package hyperref Info: Bookmarks ON on input line 4762.
\c@Hy@tempcnt=\count123
 ("C:\Users\jordo\AppData\Local\Programs\MiKTeX 2.9\tex\latex\url\url.sty"
\Urlmuskip=\muskip10
Package: url 2013/09/16  ver 3.4  Verb mode for urls, etc.
)
LaTeX Info: Redefining \url on input line 5115.
\XeTeXLinkMargin=\dimen164
\Fld@menulength=\count124
\Field@Width=\dimen165
\Fld@charsize=\dimen166
Package hyperref Info: Hyper figures OFF on input line 6369.
Package hyperref Info: Link nesting OFF on input line 6374.
Package hyperref Info: Hyper index ON on input line 6377.
Package hyperref Info: backreferencing OFF on input line 6384.
Package hyperref Info: Link coloring OFF on input line 6389.
Package hyperref Info: Link coloring with OCG OFF on input line 6394.
Package hyperref Info: PDF/A mode OFF on input line 6399.
LaTeX Info: Redefining \ref on input line 6439.
LaTeX Info: Redefining \pageref on input line 6443.
\Hy@abspage=\count125


Package hyperref Message: Stopped early.

)
Package hyperref Info: Driver (autodetected): hpdftex.

("C:\Users\jordo\AppData\Local\Programs\MiKTeX 2.9\tex\latex\hyperref\hpdftex.d
ef"
File: hpdftex.def 2018/02/06 v6.86b Hyperref driver for pdfTeX
\Fld@listcount=\count126
\c@bookmark@seq@number=\count127

("C:\Users\jordo\AppData\Local\Programs\MiKTeX 2.9\tex\latex\oberdiek\rerunfile
check.sty"
Package: rerunfilecheck 2016/05/16 v1.8 Rerun checks for auxiliary files (HO)
Package uniquecounter Info: New unique counter `rerunfilecheck' on input line 2
82.
))
("C:\Users\jordo\AppData\Local\Programs\MiKTeX 2.9\tex\latex\beamer\beamerbaser
equires.sty"
("C:\Users\jordo\AppData\Local\Programs\MiKTeX 2.9\tex\latex\beamer\beamerbasec
ompatibility.sty")
("C:\Users\jordo\AppData\Local\Programs\MiKTeX 2.9\tex\latex\beamer\beamerbasef
ont.sty"
("C:\Users\jordo\AppData\Local\Programs\MiKTeX 2.9\tex\latex\amsfonts\amssymb.s
ty"
Package: amssymb 2013/01/14 v3.01 AMS font symbols

("C:\Users\jordo\AppData\Local\Programs\MiKTeX 2.9\tex\latex\amsfonts\amsfonts.
sty"
Package: amsfonts 2013/01/14 v3.01 Basic AMSFonts support
\@emptytoks=\toks26
\symAMSa=\mathgroup4
\symAMSb=\mathgroup5
LaTeX Font Info:    Overwriting math alphabet `\mathfrak' in version `bold'
(Font)                  U/euf/m/n --> U/euf/b/n on input line 106.
))
("C:\Users\jordo\AppData\Local\Programs\MiKTeX 2.9\tex\latex\sansmathaccent\san
smathaccent.sty"
Package: sansmathaccent 2013/03/28

("C:\Users\jordo\AppData\Local\Programs\MiKTeX 2.9\tex\latex\filehook\filehook.
sty"
Package: filehook 2011/10/12 v0.5d Hooks for input files
)))
("C:\Users\jordo\AppData\Local\Programs\MiKTeX 2.9\tex\latex\beamer\beamerbaset
ranslator.sty"
("C:\Users\jordo\AppData\Local\Programs\MiKTeX 2.9\tex\latex\translator\transla
tor.sty"
Package: translator 2018/01/04 v1.12 Easy translation of strings in LaTeX
))
("C:\Users\jordo\AppData\Local\Programs\MiKTeX 2.9\tex\latex\beamer\beamerbasem
isc.sty")
("C:\Users\jordo\AppData\Local\Programs\MiKTeX 2.9\tex\latex\beamer\beamerbaset
woscreens.sty")
("C:\Users\jordo\AppData\Local\Programs\MiKTeX 2.9\tex\latex\beamer\beamerbaseo
verlay.sty"
\beamer@argscount=\count128
\beamer@lastskipcover=\skip44
\beamer@trivlistdepth=\count129
)
("C:\Users\jordo\AppData\Local\Programs\MiKTeX 2.9\tex\latex\beamer\beamerbaset
itle.sty")
("C:\Users\jordo\AppData\Local\Programs\MiKTeX 2.9\tex\latex\beamer\beamerbases
ection.sty"
\c@lecture=\count130
\c@part=\count131
\c@section=\count132
\c@subsection=\count133
\c@subsubsection=\count134
)
("C:\Users\jordo\AppData\Local\Programs\MiKTeX 2.9\tex\latex\beamer\beamerbasef
rame.sty"
\beamer@framebox=\box40
\beamer@frametitlebox=\box41
\beamer@zoombox=\box42
\beamer@zoomcount=\count135
\beamer@zoomframecount=\count136
\beamer@frametextheight=\dimen167
\c@subsectionslide=\count137
\beamer@frametopskip=\skip45
\beamer@framebottomskip=\skip46
\beamer@frametopskipautobreak=\skip47
\beamer@framebottomskipautobreak=\skip48
\beamer@envbody=\toks27
\framewidth=\dimen168
\c@framenumber=\count138
)
("C:\Users\jordo\AppData\Local\Programs\MiKTeX 2.9\tex\latex\beamer\beamerbasev
erbatim.sty"
\beamer@verbatimfileout=\write4
)
("C:\Users\jordo\AppData\Local\Programs\MiKTeX 2.9\tex\latex\beamer\beamerbasef
ramesize.sty"
\beamer@splitbox=\box43
\beamer@autobreakcount=\count139
\beamer@autobreaklastheight=\dimen169
\beamer@frametitletoks=\toks28
\beamer@framesubtitletoks=\toks29
)
("C:\Users\jordo\AppData\Local\Programs\MiKTeX 2.9\tex\latex\beamer\beamerbasef
ramecomponents.sty"
\beamer@footins=\box44
)
("C:\Users\jordo\AppData\Local\Programs\MiKTeX 2.9\tex\latex\beamer\beamerbasec
olor.sty")
("C:\Users\jordo\AppData\Local\Programs\MiKTeX 2.9\tex\latex\beamer\beamerbasen
otes.sty"
\beamer@frameboxcopy=\box45
)
("C:\Users\jordo\AppData\Local\Programs\MiKTeX 2.9\tex\latex\beamer\beamerbaset
oc.sty")
("C:\Users\jordo\AppData\Local\Programs\MiKTeX 2.9\tex\latex\beamer\beamerbaset
emplates.sty"
\beamer@sbttoks=\toks30

("C:\Users\jordo\AppData\Local\Programs\MiKTeX 2.9\tex\latex\beamer\beamerbasea
uxtemplates.sty"
("C:\Users\jordo\AppData\Local\Programs\MiKTeX 2.9\tex\latex\beamer\beamerbaseb
oxes.sty"
\bmb@box=\box46
\bmb@colorbox=\box47
\bmb@boxshadow=\box48
\bmb@boxshadowball=\box49
\bmb@boxshadowballlarge=\box50
\bmb@temp=\dimen170
\bmb@dima=\dimen171
\bmb@dimb=\dimen172
\bmb@prevheight=\dimen173
)
\beamer@blockheadheight=\dimen174
))
("C:\Users\jordo\AppData\Local\Programs\MiKTeX 2.9\tex\latex\beamer\beamerbasel
ocalstructure.sty"
("C:\Users\jordo\AppData\Local\Programs\MiKTeX 2.9\tex\latex\tools\enumerate.st
y"
Package: enumerate 2015/07/23 v3.00 enumerate extensions (DPC)
\@enLab=\toks31
)
\c@figure=\count140
\c@table=\count141
\abovecaptionskip=\skip49
\belowcaptionskip=\skip50
)
("C:\Users\jordo\AppData\Local\Programs\MiKTeX 2.9\tex\latex\beamer\beamerbasen
avigation.sty"
\beamer@section@min@dim=\dimen175
)
("C:\Users\jordo\AppData\Local\Programs\MiKTeX 2.9\tex\latex\beamer\beamerbaset
heorems.sty"
("C:\Users\jordo\AppData\Local\Programs\MiKTeX 2.9\tex\latex\amsmath\amsmath.st
y"
Package: amsmath 2017/09/02 v2.17a AMS math features
\@mathmargin=\skip51

For additional information on amsmath, use the `?' option.

("C:\Users\jordo\AppData\Local\Programs\MiKTeX 2.9\tex\latex\amsmath\amstext.st
y"
Package: amstext 2000/06/29 v2.01 AMS text

("C:\Users\jordo\AppData\Local\Programs\MiKTeX 2.9\tex\latex\amsmath\amsgen.sty
"
File: amsgen.sty 1999/11/30 v2.0 generic functions
\@emptytoks=\toks32
\ex@=\dimen176
))
("C:\Users\jordo\AppData\Local\Programs\MiKTeX 2.9\tex\latex\amsmath\amsbsy.sty
"
Package: amsbsy 1999/11/29 v1.2d Bold Symbols
\pmbraise@=\dimen177
)
("C:\Users\jordo\AppData\Local\Programs\MiKTeX 2.9\tex\latex\amsmath\amsopn.sty
"
Package: amsopn 2016/03/08 v2.02 operator names
)
\inf@bad=\count142
LaTeX Info: Redefining \frac on input line 213.
\uproot@=\count143
\leftroot@=\count144
LaTeX Info: Redefining \overline on input line 375.
\classnum@=\count145
\DOTSCASE@=\count146
LaTeX Info: Redefining \ldots on input line 472.
LaTeX Info: Redefining \dots on input line 475.
LaTeX Info: Redefining \cdots on input line 596.
\Mathstrutbox@=\box51
\strutbox@=\box52
\big@size=\dimen178
LaTeX Font Info:    Redeclaring font encoding OML on input line 712.
LaTeX Font Info:    Redeclaring font encoding OMS on input line 713.
\macc@depth=\count147
\c@MaxMatrixCols=\count148
\dotsspace@=\muskip11
\c@parentequation=\count149
\dspbrk@lvl=\count150
\tag@help=\toks33
\row@=\count151
\column@=\count152
\maxfields@=\count153
\andhelp@=\toks34
\eqnshift@=\dimen179
\alignsep@=\dimen180
\tagshift@=\dimen181
\tagwidth@=\dimen182
\totwidth@=\dimen183
\lineht@=\dimen184
\@envbody=\toks35
\multlinegap=\skip52
\multlinetaggap=\skip53
\mathdisplay@stack=\toks36
LaTeX Info: Redefining \[ on input line 2817.
LaTeX Info: Redefining \] on input line 2818.
)
("C:\Users\jordo\AppData\Local\Programs\MiKTeX 2.9\tex\latex\amscls\amsthm.sty"
Package: amsthm 2017/10/31 v2.20.4
\thm@style=\toks37
\thm@bodyfont=\toks38
\thm@headfont=\toks39
\thm@notefont=\toks40
\thm@headpunct=\toks41
\thm@preskip=\skip54
\thm@postskip=\skip55
\thm@headsep=\skip56
\dth@everypar=\toks42
)
\c@theorem=\count154
)
("C:\Users\jordo\AppData\Local\Programs\MiKTeX 2.9\tex\latex\beamer\beamerbaset
hemes.sty"))
("C:\Users\jordo\AppData\Local\Programs\MiKTeX 2.9\tex\latex\beamer\beamertheme
default.sty"
("C:\Users\jordo\AppData\Local\Programs\MiKTeX 2.9\tex\latex\beamer\beamerfontt
hemedefault.sty")
("C:\Users\jordo\AppData\Local\Programs\MiKTeX 2.9\tex\latex\beamer\beamercolor
themedefault.sty")
("C:\Users\jordo\AppData\Local\Programs\MiKTeX 2.9\tex\latex\beamer\beamerinner
themedefault.sty"
\beamer@dima=\dimen185
\beamer@dimb=\dimen186
)
("C:\Users\jordo\AppData\Local\Programs\MiKTeX 2.9\tex\latex\beamer\beamerouter
themedefault.sty")))
("C:\Users\jordo\AppData\Local\Programs\MiKTeX 2.9\tex\latex\beamer\beamertheme
Madrid.sty"
("C:\Users\jordo\AppData\Local\Programs\MiKTeX 2.9\tex\latex\beamer\beamercolor
themewhale.sty")
("C:\Users\jordo\AppData\Local\Programs\MiKTeX 2.9\tex\latex\beamer\beamercolor
themeorchid.sty")
("C:\Users\jordo\AppData\Local\Programs\MiKTeX 2.9\tex\latex\beamer\beamerinner
themerounded.sty")
("C:\Users\jordo\AppData\Local\Programs\MiKTeX 2.9\tex\latex\beamer\beamerouter
themeinfolines.sty"))
("C:\Users\jordo\AppData\Local\Programs\MiKTeX 2.9\tex\latex\beamer\multimedia.
sty"
Package: multimedia 2012/05/02 ver 0.02
\mm@movie=\count155
)
("C:\Users\jordo\AppData\Local\Programs\MiKTeX 2.9\tex\latex\subfig\subfig.sty"
Package: subfig 2005/06/28 ver: 1.3 subfig package

("C:\Users\jordo\AppData\Local\Programs\MiKTeX 2.9\tex\latex\caption\caption.st
y"
Package: caption 2018/05/01 v3.3-147 Customizing captions (AR)

("C:\Users\jordo\AppData\Local\Programs\MiKTeX 2.9\tex\latex\caption\caption3.s
ty"
Package: caption3 2018/05/27 v1.8a caption3 kernel (AR)
Package caption3 Info: TeX engine: e-TeX on input line 64.
\captionmargin=\dimen187
\captionmargin@=\dimen188
\captionwidth=\dimen189
\caption@tempdima=\dimen190
\caption@indent=\dimen191
\caption@parindent=\dimen192
\caption@hangindent=\dimen193
)
\c@ContinuedFloat=\count156
Package caption Info: beamer document class.
Package caption Info: hyperref package is loaded.
Package caption Info: Hyperref support is turned off
(caption)             because hyperref has stopped early.
)
\c@KVtest=\count157
\sf@farskip=\skip57
\sf@captopadj=\dimen194
\sf@capskip=\skip58
\sf@nearskip=\skip59
\c@subfigure=\count158
\c@subfigure@save=\count159
\c@depth=\count160
\c@subtable=\count161
\c@subtable@save=\count162
\sf@top=\skip60
\sf@bottom=\skip61
) (main.aux)
\openout1 = `main.aux'.

LaTeX Font Info:    Checking defaults for OML/cmm/m/it on input line 95.
LaTeX Font Info:    ... okay on input line 95.
LaTeX Font Info:    Checking defaults for T1/cmr/m/n on input line 95.
LaTeX Font Info:    ... okay on input line 95.
LaTeX Font Info:    Checking defaults for OT1/cmr/m/n on input line 95.
LaTeX Font Info:    ... okay on input line 95.
LaTeX Font Info:    Checking defaults for OMS/cmsy/m/n on input line 95.
LaTeX Font Info:    ... okay on input line 95.
LaTeX Font Info:    Checking defaults for OMX/cmex/m/n on input line 95.
LaTeX Font Info:    ... okay on input line 95.
LaTeX Font Info:    Checking defaults for U/cmr/m/n on input line 95.
LaTeX Font Info:    ... okay on input line 95.
LaTeX Font Info:    Checking defaults for PD1/pdf/m/n on input line 95.
LaTeX Font Info:    ... okay on input line 95.

*geometry* driver: auto-detecting
*geometry* detected driver: pdftex
*geometry* verbose mode - [ preamble ] result:
* driver: pdftex
* paper: custom
* layout: <same size as paper>
* layoutoffset:(h,v)=(0.0pt,0.0pt)
* modes: includehead includefoot 
* h-part:(L,W,R)=(10.95003pt, 342.2953pt, 10.95003pt)
* v-part:(T,H,B)=(0.0pt, 273.14662pt, 0.0pt)
* \paperwidth=364.19536pt
* \paperheight=273.14662pt
* \textwidth=342.2953pt
* \textheight=244.6939pt
* \oddsidemargin=-61.31996pt
* \evensidemargin=-61.31996pt
* \topmargin=-72.26999pt
* \headheight=14.22636pt
* \headsep=0.0pt
* \topskip=11.0pt
* \footskip=14.22636pt
* \marginparwidth=4.0pt
* \marginparsep=10.0pt
* \columnsep=10.0pt
* \skip\footins=10.0pt plus 4.0pt minus 2.0pt
* \hoffset=0.0pt
* \voffset=0.0pt
* \mag=1000
* \@twocolumnfalse
* \@twosidefalse
* \@mparswitchfalse
* \@reversemarginfalse
* (1in=72.27pt=25.4mm, 1cm=28.453pt)


("C:\Users\jordo\AppData\Local\Programs\MiKTeX 2.9\tex\context\base\supp-pdf.mk
ii"
[Loading MPS to PDF converter (version 2006.09.02).]
\scratchcounter=\count163
\scratchdimen=\dimen195
\scratchbox=\box53
\nofMPsegments=\count164
\nofMParguments=\count165
\everyMPshowfont=\toks43
\MPscratchCnt=\count166
\MPscratchDim=\dimen196
\MPnumerator=\count167
\makeMPintoPDFobject=\count168
\everyMPtoPDFconversion=\toks44
)
("C:\Users\jordo\AppData\Local\Programs\MiKTeX 2.9\tex\latex\oberdiek\epstopdf-
base.sty"
Package: epstopdf-base 2016/05/15 v2.6 Base part for package epstopdf

("C:\Users\jordo\AppData\Local\Programs\MiKTeX 2.9\tex\latex\oberdiek\grfext.st
y"
Package: grfext 2016/05/16 v1.2 Manage graphics extensions (HO)
)
Package epstopdf-base Info: Redefining graphics rule for `.eps' on input line 4
38.
Package grfext Info: Graphics extension search list:
(grfext)             [.pdf,.png,.jpg,.mps,.jpeg,.jbig2,.jb2,.PDF,.PNG,.JPG,.JPE
G,.JBIG2,.JB2,.eps]
(grfext)             \AppendGraphicsExtensions on input line 456.
) ABD: EveryShipout initializing macros
\AtBeginShipoutBox=\box54
Package hyperref Info: Link coloring OFF on input line 95.

("C:\Users\jordo\AppData\Local\Programs\MiKTeX 2.9\tex\latex\hyperref\nameref.s
ty"
Package: nameref 2016/05/21 v2.44 Cross-referencing by name of section

("C:\Users\jordo\AppData\Local\Programs\MiKTeX 2.9\tex\generic\oberdiek\gettitl
estring.sty"
Package: gettitlestring 2016/05/16 v1.5 Cleanup title references (HO)
)
\c@section@level=\count169
)
LaTeX Info: Redefining \ref on input line 95.
LaTeX Info: Redefining \pageref on input line 95.
LaTeX Info: Redefining \nameref on input line 95.
 (main.out) (main.out)
\@outlinefile=\write5
\openout5 = `main.out'.

LaTeX Font Info:    Overwriting symbol font `operators' in version `normal'
(Font)                  OT1/cmr/m/n --> OT1/cmss/m/n on input line 95.
LaTeX Font Info:    Overwriting symbol font `operators' in version `bold'
(Font)                  OT1/cmr/bx/n --> OT1/cmss/bx/n on input line 95.
\symnumbers=\mathgroup6
\sympureletters=\mathgroup7
LaTeX Font Info:    Overwriting math alphabet `\mathrm' in version `normal'
(Font)                  OT1/cmss/m/n --> OT1/cmr/m/n on input line 95.
LaTeX Font Info:    Redeclaring math alphabet \mathbf on input line 95.
LaTeX Font Info:    Overwriting math alphabet `\mathbf' in version `normal'
(Font)                  OT1/cmr/bx/n --> OT1/cmss/bx/n on input line 95.
LaTeX Font Info:    Overwriting math alphabet `\mathbf' in version `bold'
(Font)                  OT1/cmr/bx/n --> OT1/cmss/bx/n on input line 95.
LaTeX Font Info:    Redeclaring math alphabet \mathsf on input line 95.
LaTeX Font Info:    Overwriting math alphabet `\mathsf' in version `normal'
(Font)                  OT1/cmss/m/n --> OT1/cmss/m/n on input line 95.
LaTeX Font Info:    Overwriting math alphabet `\mathsf' in version `bold'
(Font)                  OT1/cmss/bx/n --> OT1/cmss/m/n on input line 95.
LaTeX Font Info:    Redeclaring math alphabet \mathit on input line 95.
LaTeX Font Info:    Overwriting math alphabet `\mathit' in version `normal'
(Font)                  OT1/cmr/m/it --> OT1/cmss/m/it on input line 95.
LaTeX Font Info:    Overwriting math alphabet `\mathit' in version `bold'
(Font)                  OT1/cmr/bx/it --> OT1/cmss/m/it on input line 95.
LaTeX Font Info:    Redeclaring math alphabet \mathtt on input line 95.
LaTeX Font Info:    Overwriting math alphabet `\mathtt' in version `normal'
(Font)                  OT1/cmtt/m/n --> OT1/cmtt/m/n on input line 95.
LaTeX Font Info:    Overwriting math alphabet `\mathtt' in version `bold'
(Font)                  OT1/cmtt/m/n --> OT1/cmtt/m/n on input line 95.
LaTeX Font Info:    Overwriting symbol font `numbers' in version `bold'
(Font)                  OT1/cmss/m/n --> OT1/cmss/bx/n on input line 95.
LaTeX Font Info:    Overwriting symbol font `pureletters' in version `bold'
(Font)                  OT1/cmss/m/it --> OT1/cmss/bx/it on input line 95.
LaTeX Font Info:    Overwriting math alphabet `\mathrm' in version `bold'
(Font)                  OT1/cmss/bx/n --> OT1/cmr/bx/n on input line 95.
LaTeX Font Info:    Overwriting math alphabet `\mathbf' in version `bold'
(Font)                  OT1/cmss/bx/n --> OT1/cmss/bx/n on input line 95.
LaTeX Font Info:    Overwriting math alphabet `\mathsf' in version `bold'
(Font)                  OT1/cmss/m/n --> OT1/cmss/bx/n on input line 95.
LaTeX Font Info:    Overwriting math alphabet `\mathit' in version `bold'
(Font)                  OT1/cmss/m/it --> OT1/cmss/bx/it on input line 95.
LaTeX Font Info:    Overwriting math alphabet `\mathtt' in version `bold'
(Font)                  OT1/cmtt/m/n --> OT1/cmtt/bx/n on input line 95.
LaTeX Font Info:    Redeclaring symbol font `pureletters' on input line 95.
LaTeX Font Info:    Overwriting symbol font `pureletters' in version `normal'
(Font)                  OT1/cmss/m/it --> OT1/mathkerncmss/m/sl on input line 9
5.
LaTeX Font Info:    Overwriting symbol font `pureletters' in version `bold'
(Font)                  OT1/cmss/bx/it --> OT1/mathkerncmss/m/sl on input line 
95.
LaTeX Font Info:    Overwriting symbol font `pureletters' in version `bold'
(Font)                  OT1/mathkerncmss/m/sl --> OT1/mathkerncmss/bx/sl on inp
ut line 95.

("C:\Users\jordo\AppData\Local\Programs\MiKTeX 2.9\tex\latex\translator\transla
tor-basic-dictionary-English.dict"
Dictionary: translator-basic-dictionary, Language: English 
)
("C:\Users\jordo\AppData\Local\Programs\MiKTeX 2.9\tex\latex\translator\transla
tor-bibliography-dictionary-English.dict"
Dictionary: translator-bibliography-dictionary, Language: English 
)
("C:\Users\jordo\AppData\Local\Programs\MiKTeX 2.9\tex\latex\translator\transla
tor-environment-dictionary-English.dict"
Dictionary: translator-environment-dictionary, Language: English 
)
("C:\Users\jordo\AppData\Local\Programs\MiKTeX 2.9\tex\latex\translator\transla
tor-months-dictionary-English.dict"
Dictionary: translator-months-dictionary, Language: English 
)
("C:\Users\jordo\AppData\Local\Programs\MiKTeX 2.9\tex\latex\translator\transla
tor-numbers-dictionary-English.dict"
Dictionary: translator-numbers-dictionary, Language: English 
)
("C:\Users\jordo\AppData\Local\Programs\MiKTeX 2.9\tex\latex\translator\transla
tor-theorem-dictionary-English.dict"
Dictionary: translator-theorem-dictionary, Language: English 
)
Package caption Info: Begin \AtBeginDocument code.
Package caption Info: subfig package v1.3 is loaded.
Package caption Info: End \AtBeginDocument code.
 (main.nav)
Package epstopdf Info: Source file: <logo_ugr.eps>
(epstopdf)                    date: 2017-03-11 12:38:24
(epstopdf)                    size: 235554 bytes
(epstopdf)             Output file: <logo_ugr-eps-converted-to.pdf>
(epstopdf)                    date: 2018-11-17 10:35:34
(epstopdf)                    size: 50388 bytes
(epstopdf)             Command: <epstopdf --outfile=logo_ugr-eps-converted-to.p
df logo_ugr.eps>
(epstopdf)             \includegraphics on input line 105.
Package epstopdf Info: Output file is already uptodate.
<logo_ugr-eps-converted-to.pdf, id=57, 86.3225pt x 25.09375pt>
File: logo_ugr-eps-converted-to.pdf Graphic file (type pdf)
<use logo_ugr-eps-converted-to.pdf>
Package pdftex.def Info: logo_ugr-eps-converted-to.pdf  used on input line 105.

(pdftex.def)             Requested size: 171.14764pt x 49.75772pt.
Package epstopdf Info: Source file: <logo_rey.eps>
(epstopdf)                    date: 2014-12-26 19:31:48
(epstopdf)                    size: 73934 bytes
(epstopdf)             Output file: <logo_rey-eps-converted-to.pdf>
(epstopdf)                    date: 2018-11-17 10:41:03
(epstopdf)                    size: 7321 bytes
(epstopdf)             Command: <epstopdf --outfile=logo_rey-eps-converted-to.p
df logo_rey.eps>
(epstopdf)             \includegraphics on input line 105.
Package epstopdf Info: Output file is already uptodate.
<logo_rey-eps-converted-to.pdf, id=58, 86.3225pt x 35.13126pt>
File: logo_rey-eps-converted-to.pdf Graphic file (type pdf)
<use logo_rey-eps-converted-to.pdf>
Package pdftex.def Info: logo_rey-eps-converted-to.pdf  used on input line 105.

(pdftex.def)             Requested size: 136.91603pt x 55.7276pt.
LaTeX Font Info:    Try loading font information for U+msa on input line 105.

("C:\Users\jordo\AppData\Local\Programs\MiKTeX 2.9\tex\latex\amsfonts\umsa.fd"
File: umsa.fd 2013/01/14 v3.01 AMS symbols A
)
LaTeX Font Info:    Try loading font information for U+msb on input line 105.
("C:\Users\jordo\AppData\Local\Programs\MiKTeX 2.9\tex\latex\amsfonts\umsb.fd"
File: umsb.fd 2013/01/14 v3.01 AMS symbols B
)
LaTeX Font Info:    Try loading font information for OT1+mathkerncmss on input 
line 105.

("C:\Users\jordo\AppData\Local\Programs\MiKTeX 2.9\tex\latex\sansmathaccent\ot1
mathkerncmss.fd"
File: ot1mathkerncmss.fd 2013/03/27 Fontinst v1.933 font definitions for OT1/ma
thkerncmss.
)
Overfull \vbox (9.37822pt too high) detected at line 105
 []

[1

{C:/Users/jordo/AppData/Local/MiKTeX/2.9/pdftex/config/pdftex.map} <./logo_ugr-
eps-converted-to.pdf> <./logo_rey-eps-converted-to.pdf>] (main.toc) [2

]
<imagenes/Introduction/roomba.jpg, id=152, 531.9875pt x 531.9875pt>
File: imagenes/Introduction/roomba.jpg Graphic file (type jpg)
<use imagenes/Introduction/roomba.jpg>
Package pdftex.def Info: imagenes/Introduction/roomba.jpg  used on input line 1
26.
(pdftex.def)             Requested size: 132.99655pt x 132.99655pt.
<imagenes/Introduction/boston.jpg, id=154, 451.6875pt x 319.1925pt>
File: imagenes/Introduction/boston.jpg Graphic file (type jpg)
<use imagenes/Introduction/boston.jpg>
Package pdftex.def Info: imagenes/Introduction/boston.jpg  used on input line 1
26.
(pdftex.def)             Requested size: 158.09299pt x 111.71904pt.

[3

 <./imagenes/Introduction/roomba.jpg> <./imagenes/Introduction/boston.jpg>]
<imagenes/Introduction/robotica.jpg, id=185, 973.6375pt x 473.77pt>
File: imagenes/Introduction/robotica.jpg Graphic file (type jpg)
<use imagenes/Introduction/robotica.jpg>
Package pdftex.def Info: imagenes/Introduction/robotica.jpg  used on input line
 136.
(pdftex.def)             Requested size: 973.63512pt x 473.76884pt.

[4

 <./imagenes/Introduction/robotica.jpg>]
<imagenes/Introduction/IceStudio.png, id=212, 443.6575pt x 114.4275pt>
File: imagenes/Introduction/IceStudio.png Graphic file (type png)
<use imagenes/Introduction/IceStudio.png>
Package pdftex.def Info: imagenes/Introduction/IceStudio.png  used on input lin
e 152.
(pdftex.def)             Requested size: 443.6564pt x 114.42722pt.
 [5

 <./imagenes/Introduction/IceStudio.png>]
File: imagenes/Introduction/IceStudio.png Graphic file (type png)
<use imagenes/Introduction/IceStudio.png>
Package pdftex.def Info: imagenes/Introduction/IceStudio.png  used on input lin
e 152.
(pdftex.def)             Requested size: 443.6564pt x 114.42722pt.
 [6

]
File: imagenes/Introduction/IceStudio.png Graphic file (type png)
<use imagenes/Introduction/IceStudio.png>
Package pdftex.def Info: imagenes/Introduction/IceStudio.png  used on input lin
e 152.
(pdftex.def)             Requested size: 443.6564pt x 114.42722pt.
 [7

]
File: imagenes/Introduction/IceStudio.png Graphic file (type png)
<use imagenes/Introduction/IceStudio.png>
Package pdftex.def Info: imagenes/Introduction/IceStudio.png  used on input lin
e 152.
(pdftex.def)             Requested size: 443.6564pt x 114.42722pt.
 [8

]
<imagenes/Introduction/i2creadandwrite.jpg, id=326, 1204.5pt x 480.79625pt>
File: imagenes/Introduction/i2creadandwrite.jpg Graphic file (type jpg)
<use imagenes/Introduction/i2creadandwrite.jpg>
Package pdftex.def Info: imagenes/Introduction/i2creadandwrite.jpg  used on inp
ut line 159.
(pdftex.def)             Requested size: 1204.49707pt x 480.79506pt.

Overfull \hbox (19.05748pt too wide) in paragraph at lines 159--159
 [] 
 []

[9

 <./imagenes/Introduction/i2creadandwrite.jpg>]
<imagenes/Introduction/IceStudioI2c.png, id=354, 1156.32pt x 620.3175pt>
File: imagenes/Introduction/IceStudioI2c.png Graphic file (type png)
<use imagenes/Introduction/IceStudioI2c.png>
Package pdftex.def Info: imagenes/Introduction/IceStudioI2c.png  used on input 
line 166.
(pdftex.def)             Requested size: 1156.31718pt x 620.316pt.

Overfull \hbox (4.60338pt too wide) in paragraph at lines 166--166
 [] 
 []

[10

 <./imagenes/Introduction/IceStudioI2c.png>]
<imagenes/Introduction/alhambrabits.png, id=384, 1445.4pt x 451.6875pt>
File: imagenes/Introduction/alhambrabits.png Graphic file (type png)
<use imagenes/Introduction/alhambrabits.png>
Package pdftex.def Info: imagenes/Introduction/alhambrabits.png  used on input 
line 184.
(pdftex.def)             Requested size: 1445.39648pt x 451.68639pt.
 [11

 <./imagenes/Introduction/alhambrabits.png>]
File: imagenes/Introduction/alhambrabits.png Graphic file (type png)
<use imagenes/Introduction/alhambrabits.png>
Package pdftex.def Info: imagenes/Introduction/alhambrabits.png  used on input 
line 184.
(pdftex.def)             Requested size: 1445.39648pt x 451.68639pt.
 [12

]
File: imagenes/Introduction/alhambrabits.png Graphic file (type png)
<use imagenes/Introduction/alhambrabits.png>
Package pdftex.def Info: imagenes/Introduction/alhambrabits.png  used on input 
line 184.
(pdftex.def)             Requested size: 1445.39648pt x 451.68639pt.
 [13

]
File: imagenes/Introduction/alhambrabits.png Graphic file (type png)
<use imagenes/Introduction/alhambrabits.png>
Package pdftex.def Info: imagenes/Introduction/alhambrabits.png  used on input 
line 184.
(pdftex.def)             Requested size: 1445.39648pt x 451.68639pt.
 [14

]
File: imagenes/Introduction/alhambrabits.png Graphic file (type png)
<use imagenes/Introduction/alhambrabits.png>
Package pdftex.def Info: imagenes/Introduction/alhambrabits.png  used on input 
line 184.
(pdftex.def)             Requested size: 1445.39648pt x 451.68639pt.
 [15

]
<imagenes/EstadoArte/IceZumAlhambraII.jpg, id=521, 448.8883pt x 355.24268pt>
File: imagenes/EstadoArte/IceZumAlhambraII.jpg Graphic file (type jpg)
<use imagenes/EstadoArte/IceZumAlhambraII.jpg>
Package pdftex.def Info: imagenes/EstadoArte/IceZumAlhambraII.jpg  used on inpu
t line 191.
(pdftex.def)             Requested size: 448.8872pt x 355.2418pt.
 [16

 <./imagenes/EstadoArte/IceZumAlhambraII.jpg>]

pdfTeX warning: pdflatex.exe (file ./imagenes/Introduction/Gantt.pdf): PDF incl
usion: found PDF version <1.7>, but at most version <1.5> allowed
<imagenes/Introduction/Gantt.pdf, id=549, 597.55246pt x 845.07718pt>
File: imagenes/Introduction/Gantt.pdf Graphic file (type pdf)
<use imagenes/Introduction/Gantt.pdf>
Package pdftex.def Info: imagenes/Introduction/Gantt.pdf  used on input line 20
1.
(pdftex.def)             Requested size: 560.56244pt x 546.32191pt.

Overfull \hbox (22.06685pt too wide) in paragraph at lines 201--201
 [] 
 []


Overfull \vbox (142.96869pt too high) detected at line 201
 []

[17

 <./imagenes/Introduction/Gantt.pdf>]
<imagenes/Introduction/github.jpg, id=637, 636.3775pt x 310.15875pt>
File: imagenes/Introduction/github.jpg Graphic file (type jpg)
<use imagenes/Introduction/github.jpg>
Package pdftex.def Info: imagenes/Introduction/github.jpg  used on input line 2
11.
(pdftex.def)             Requested size: 190.91472pt x 93.04834pt.
<imagenes/Introduction/appear.png, id=639, 513.92pt x 513.92pt>
File: imagenes/Introduction/appear.png Graphic file (type png)
<use imagenes/Introduction/appear.png>
Package pdftex.def Info: imagenes/Introduction/appear.png  used on input line 2
11.
(pdftex.def)             Requested size: 102.78217pt x 102.78217pt.
 [18

 <./imagenes/Introduction/github.jpg> <./imagenes/Introduction/appear.png (PNG 
copy)>] [19

] [20

] [21

] [22

]
[23

] [24

] (main.toc) [25

]

pdfTeX warning: pdflatex.exe (file ./imagenes/Balancing_robot/final.pdf): PDF i
nclusion: found PDF version <1.7>, but at most version <1.5> allowed
<imagenes/Balancing_robot/final.pdf, id=859, 796.9775pt x 615.29875pt>
File: imagenes/Balancing_robot/final.pdf Graphic file (type pdf)
<use imagenes/Balancing_robot/final.pdf>
Package pdftex.def Info: imagenes/Balancing_robot/final.pdf  used on input line
 236.
(pdftex.def)             Requested size: 239.0951pt x 184.59105pt.

Package hyperref Warning: Ignoring empty anchor on input line 236.

[26

 <./imagenes/Balancing_robot/final.pdf>] (main.toc) [27

]
<imagenes/Balancing_Robot/EnsanBalanceFront.PDF, id=1202, 845.0471pt x 597.5082
9pt>
File: imagenes/Balancing_Robot/EnsanBalanceFront.PDF Graphic file (type pdf)
<use imagenes/Balancing_Robot/EnsanBalanceFront.PDF>
Package pdftex.def Info: imagenes/Balancing_Robot/EnsanBalanceFront.PDF  used o
n input line 246.
(pdftex.def)             Requested size: 739.77023pt x 597.50682pt.
 [28

 <./imagenes/Balancing_Robot/EnsanBalanceFront.PDF>]
<imagenes/Balancing_Robot/EnsanBalanceLateral.PDF, id=1232, 845.0471pt x 597.50
829pt>
File: imagenes/Balancing_Robot/EnsanBalanceLateral.PDF Graphic file (type pdf)
<use imagenes/Balancing_Robot/EnsanBalanceLateral.PDF>
Package pdftex.def Info: imagenes/Balancing_Robot/EnsanBalanceLateral.PDF  used
 on input line 255.
(pdftex.def)             Requested size: 418.25476pt x 597.50682pt.
 [29

 <./imagenes/Balancing_Robot/EnsanBalanceLateral.PDF>]
<imagenes/Balancing_Robot/EnsanBalanceCab.PDF, id=1262, 845.0471pt x 597.50829p
t>
File: imagenes/Balancing_Robot/EnsanBalanceCab.PDF Graphic file (type pdf)
<use imagenes/Balancing_Robot/EnsanBalanceCab.PDF>
Package pdftex.def Info: imagenes/Balancing_Robot/EnsanBalanceCab.PDF  used on 
input line 264.
(pdftex.def)             Requested size: 560.51822pt x 597.50682pt.
 [30

 <./imagenes/Balancing_Robot/EnsanBalanceCab.PDF>]
Package epstopdf Info: Source file: <imagenes/SolidWorks-01.eps>
(epstopdf)                    date: 2018-11-17 20:42:45
(epstopdf)                    size: 643242 bytes
(epstopdf)             Output file: <imagenes/SolidWorks-01-eps-converted-to.pd
f>
(epstopdf)                    date: 2018-11-17 20:43:47
(epstopdf)                    size: 14877 bytes
(epstopdf)             Command: <epstopdf --outfile=imagenes/SolidWorks-01-eps-
converted-to.pdf imagenes/SolidWorks-01.eps>
(epstopdf)             \includegraphics on input line 282.
Package epstopdf Info: Output file is already uptodate.
<imagenes/SolidWorks-01-eps-converted-to.pdf, id=1292, 366.36874pt x 76.285pt>
File: imagenes/SolidWorks-01-eps-converted-to.pdf Graphic file (type pdf)
<use imagenes/SolidWorks-01-eps-converted-to.pdf>
Package pdftex.def Info: imagenes/SolidWorks-01-eps-converted-to.pdf  used on i
nput line 282.
(pdftex.def)             Requested size: 136.91603pt x 28.50902pt.
 [31

 <./imagenes/SolidWorks-01-eps-converted-to.pdf>]
Package epstopdf Info: Source file: <imagenes/SolidWorks-01.eps>
(epstopdf)                    date: 2018-11-17 20:42:45
(epstopdf)                    size: 643242 bytes
(epstopdf)             Output file: <imagenes/SolidWorks-01-eps-converted-to.pd
f>
(epstopdf)                    date: 2018-11-17 20:43:47
(epstopdf)                    size: 14877 bytes
(epstopdf)             Command: <epstopdf --outfile=imagenes/SolidWorks-01-eps-
converted-to.pdf imagenes/SolidWorks-01.eps>
(epstopdf)             \includegraphics on input line 282.
Package epstopdf Info: Output file is already uptodate.
File: imagenes/SolidWorks-01-eps-converted-to.pdf Graphic file (type pdf)
<use imagenes/SolidWorks-01-eps-converted-to.pdf>
Package pdftex.def Info: imagenes/SolidWorks-01-eps-converted-to.pdf  used on i
nput line 282.
(pdftex.def)             Requested size: 136.91603pt x 28.50902pt.
 [32

]
Package epstopdf Info: Source file: <imagenes/SolidWorks-01.eps>
(epstopdf)                    date: 2018-11-17 20:42:45
(epstopdf)                    size: 643242 bytes
(epstopdf)             Output file: <imagenes/SolidWorks-01-eps-converted-to.pd
f>
(epstopdf)                    date: 2018-11-17 20:43:47
(epstopdf)                    size: 14877 bytes
(epstopdf)             Command: <epstopdf --outfile=imagenes/SolidWorks-01-eps-
converted-to.pdf imagenes/SolidWorks-01.eps>
(epstopdf)             \includegraphics on input line 282.
Package epstopdf Info: Output file is already uptodate.
File: imagenes/SolidWorks-01-eps-converted-to.pdf Graphic file (type pdf)
<use imagenes/SolidWorks-01-eps-converted-to.pdf>
Package pdftex.def Info: imagenes/SolidWorks-01-eps-converted-to.pdf  used on i
nput line 282.
(pdftex.def)             Requested size: 136.91603pt x 28.50902pt.
 [33

]
Package epstopdf Info: Source file: <imagenes/SolidWorks-01.eps>
(epstopdf)                    date: 2018-11-17 20:42:45
(epstopdf)                    size: 643242 bytes
(epstopdf)             Output file: <imagenes/SolidWorks-01-eps-converted-to.pd
f>
(epstopdf)                    date: 2018-11-17 20:43:47
(epstopdf)                    size: 14877 bytes
(epstopdf)             Command: <epstopdf --outfile=imagenes/SolidWorks-01-eps-
converted-to.pdf imagenes/SolidWorks-01.eps>
(epstopdf)             \includegraphics on input line 282.
Package epstopdf Info: Output file is already uptodate.
File: imagenes/SolidWorks-01-eps-converted-to.pdf Graphic file (type pdf)
<use imagenes/SolidWorks-01-eps-converted-to.pdf>
Package pdftex.def Info: imagenes/SolidWorks-01-eps-converted-to.pdf  used on i
nput line 282.
(pdftex.def)             Requested size: 136.91603pt x 28.50902pt.
 [34

]
<imagenes/Balancing_robot/center_mass.png, id=1398, 1047.915pt x 592.46344pt>
File: imagenes/Balancing_robot/center_mass.png Graphic file (type png)
<use imagenes/Balancing_robot/center_mass.png>
Package pdftex.def Info: imagenes/Balancing_robot/center_mass.png  used on inpu
t line 289.
(pdftex.def)             Requested size: 314.37692pt x 177.7404pt.
 [35

 <./imagenes/Balancing_robot/center_mass.png>]
<imagenes/EstadoArte/IMU1.jpg, id=1424, 652.4375pt x 652.4375pt>
File: imagenes/EstadoArte/IMU1.jpg Graphic file (type jpg)
<use imagenes/EstadoArte/IMU1.jpg>
Package pdftex.def Info: imagenes/EstadoArte/IMU1.jpg  used on input line 304.
(pdftex.def)             Requested size: 102.68962pt x 102.68976pt.
 [36

 <./imagenes/EstadoArte/IMU1.jpg>]
File: imagenes/EstadoArte/IMU1.jpg Graphic file (type jpg)
<use imagenes/EstadoArte/IMU1.jpg>
Package pdftex.def Info: imagenes/EstadoArte/IMU1.jpg  used on input line 304.
(pdftex.def)             Requested size: 102.68962pt x 102.68976pt.
 [37

]
File: imagenes/EstadoArte/IMU1.jpg Graphic file (type jpg)
<use imagenes/EstadoArte/IMU1.jpg>
Package pdftex.def Info: imagenes/EstadoArte/IMU1.jpg  used on input line 304.
(pdftex.def)             Requested size: 102.68962pt x 102.68976pt.

[38

]
File: imagenes/EstadoArte/IMU1.jpg Graphic file (type jpg)
<use imagenes/EstadoArte/IMU1.jpg>
Package pdftex.def Info: imagenes/EstadoArte/IMU1.jpg  used on input line 304.
(pdftex.def)             Requested size: 102.68962pt x 102.68976pt.
 [39

] [40

] [41

] [42

] [43

] [44

]

pdfTeX warning: pdflatex.exe (file ./imagenes/Balancing_robot/DMPexample.pdf): 
PDF inclusion: found PDF version <1.7>, but at most version <1.5> allowed
<imagenes/Balancing_robot/DMPexample.pdf, id=1652, 599.23875pt x 847.165pt>
File: imagenes/Balancing_robot/DMPexample.pdf Graphic file (type pdf)
<use imagenes/Balancing_robot/DMPexample.pdf>
Package pdftex.def Info: imagenes/Balancing_robot/DMPexample.pdf  used on input
 line 325.
(pdftex.def)             Requested size: 239.69125pt x 225.05098pt.
[45

 <./imagenes/Balancing_robot/DMPexample.pdf>] [46

] [47

] [48

] [49

] [50

]

pdfTeX warning: pdflatex.exe (file ./imagenes/Balancing_robot/coexistencia1.pdf
): PDF inclusion: found PDF version <1.7>, but at most version <1.5> allowed
<imagenes/Balancing_robot/coexistencia1.pdf, id=1824, 796.05406pt x 615.37907pt
>
File: imagenes/Balancing_robot/coexistencia1.pdf Graphic file (type pdf)
<use imagenes/Balancing_robot/coexistencia1.pdf>
Package pdftex.def Info: imagenes/Balancing_robot/coexistencia1.pdf  used on in
put line 349.
(pdftex.def)             Requested size: 318.41597pt x 177.86188pt.
[51

 <./imagenes/Balancing_robot/coexistencia1.pdf>]

pdfTeX warning: pdflatex.exe (file ./imagenes/Balancing_robot/coexistencia2.pdf
): PDF inclusion: found PDF version <1.7>, but at most version <1.5> allowed
<imagenes/Balancing_robot/coexistencia2.pdf, id=1880, 794.00638pt x 614.295pt>
File: imagenes/Balancing_robot/coexistencia2.pdf Graphic file (type pdf)
<use imagenes/Balancing_robot/coexistencia2.pdf>
Package pdftex.def Info: imagenes/Balancing_robot/coexistencia2.pdf  used on in
put line 362.
(pdftex.def)             Requested size: 238.20375pt x 133.07457pt.
<imagenes/Balancing_Robot/serial_comunicattion.png, id=1882, 451.6875pt x 82.05
656pt>
File: imagenes/Balancing_Robot/serial_comunicattion.png Graphic file (type png)

<use imagenes/Balancing_Robot/serial_comunicattion.png>
Package pdftex.def Info: imagenes/Balancing_Robot/serial_comunicattion.png  use
d on input line 362.
(pdftex.def)             Requested size: 338.76479pt x 61.54225pt.
[52

 <./imagenes/Balancing_robot/coexistencia2.pdf> <./imagenes/Balancing_Robot/ser
ial_comunicattion.png>]

pdfTeX warning: pdflatex.exe (file ./imagenes/Balancing_robot/extraccion_angulo
.pdf): PDF inclusion: found PDF version <1.7>, but at most version <1.5> allowe
d
<imagenes/Balancing_robot/extraccion_angulo.pdf, id=1936, 796.05406pt x 615.379
07pt>
File: imagenes/Balancing_robot/extraccion_angulo.pdf Graphic file (type pdf)
<use imagenes/Balancing_robot/extraccion_angulo.pdf>
Package pdftex.def Info: imagenes/Balancing_robot/extraccion_angulo.pdf  used o
n input line 370.
(pdftex.def)             Requested size: 238.81805pt x 184.61514pt.
[53

 <./imagenes/Balancing_robot/extraccion_angulo.pdf>]

pdfTeX warning: pdflatex.exe (file ./imagenes/Balancing_robot/arduino_interface
fluid.pdf): PDF inclusion: found PDF version <1.7>, but at most version <1.5> a
llowed
<imagenes/Balancing_robot/arduino_interfacefluid.pdf, id=2036, 794.97pt x 614.2
95pt>
File: imagenes/Balancing_robot/arduino_interfacefluid.pdf Graphic file (type pd
f)
<use imagenes/Balancing_robot/arduino_interfacefluid.pdf>
Package pdftex.def Info: imagenes/Balancing_robot/arduino_interfacefluid.pdf  u
sed on input line 381.
(pdftex.def)             Requested size: 317.98236pt x 234.33275pt.

Overfull \vbox (20.3247pt too high) detected at line 381
 []

[54

 <./imagenes/Balancing_robot/arduino_interfacefluid.pdf>]
<imagenes/Balancing_robot/arduino_arrange.PNG, id=2080, 673.76718pt x 645.91313
pt>
File: imagenes/Balancing_robot/arduino_arrange.PNG Graphic file (type png)
<use imagenes/Balancing_robot/arduino_arrange.PNG>
Package pdftex.def Info: imagenes/Balancing_robot/arduino_arrange.PNG  used on 
input line 389.
(pdftex.def)             Requested size: 202.13171pt x 193.77544pt.
 [55

 <./imagenes/Balancing_robot/arduino_arrange.PNG>] [56

]

pdfTeX warning: pdflatex.exe (file ./imagenes/Balancing_robot/P.pdf): PDF inclu
sion: found PDF version <1.7>, but at most version <1.5> allowed
<imagenes/Balancing_robot/P.pdf, id=2133, 599.23875pt x 847.165pt>
File: imagenes/Balancing_robot/P.pdf Graphic file (type pdf)
<use imagenes/Balancing_robot/P.pdf>
Package pdftex.def Info: imagenes/Balancing_robot/P.pdf  used on input line 413
.
(pdftex.def)             Requested size: 299.61864pt x 224.41267pt.
[57

 <./imagenes/Balancing_robot/P.pdf>]

pdfTeX warning: pdflatex.exe (file ./imagenes/Balancing_robot/D.pdf): PDF inclu
sion: found PDF version <1.7>, but at most version <1.5> allowed
<imagenes/Balancing_robot/D.pdf, id=2176, 600.2425pt x 848.16875pt>
File: imagenes/Balancing_robot/D.pdf Graphic file (type pdf)
<use imagenes/Balancing_robot/D.pdf>
Package pdftex.def Info: imagenes/Balancing_robot/D.pdf  used on input line 420
.
(pdftex.def)             Requested size: 180.07413pt x 237.3808pt.

Overfull \vbox (5.64359pt too high) detected at line 420
 []

[58

 <./imagenes/Balancing_robot/D.pdf>]
<imagenes/Balancing_robot/PDControl.PNG, id=2230, 195.129pt x 406.51875pt>
File: imagenes/Balancing_robot/PDControl.PNG Graphic file (type png)
<use imagenes/Balancing_robot/PDControl.PNG>
Package pdftex.def Info: imagenes/Balancing_robot/PDControl.PNG  used on input 
line 427.
(pdftex.def)             Requested size: 97.56425pt x 203.25887pt.
 [59

 <./imagenes/Balancing_robot/PDControl.PNG>]
<imagenes/Balancing_robot/driver_motor.jpg, id=2259, 451.6875pt x 361.35pt>
File: imagenes/Balancing_robot/driver_motor.jpg Graphic file (type jpg)
<use imagenes/Balancing_robot/driver_motor.jpg>
Package pdftex.def Info: imagenes/Balancing_robot/driver_motor.jpg  used on inp
ut line 454.
(pdftex.def)             Requested size: 90.33589pt x 72.2687pt.
 [60

 <./imagenes/Balancing_robot/driver_motor.jpg>]
File: imagenes/Balancing_robot/driver_motor.jpg Graphic file (type jpg)
<use imagenes/Balancing_robot/driver_motor.jpg>
Package pdftex.def Info: imagenes/Balancing_robot/driver_motor.jpg  used on inp
ut line 454.
(pdftex.def)             Requested size: 90.33589pt x 72.2687pt.
 [61

]
File: imagenes/Balancing_robot/driver_motor.jpg Graphic file (type jpg)
<use imagenes/Balancing_robot/driver_motor.jpg>
Package pdftex.def Info: imagenes/Balancing_robot/driver_motor.jpg  used on inp
ut line 454.
(pdftex.def)             Requested size: 90.33589pt x 72.2687pt.
 [62

]
File: imagenes/Balancing_robot/driver_motor.jpg Graphic file (type jpg)
<use imagenes/Balancing_robot/driver_motor.jpg>
Package pdftex.def Info: imagenes/Balancing_robot/driver_motor.jpg  used on inp
ut line 454.
(pdftex.def)             Requested size: 90.33589pt x 72.2687pt.
 [63

]
File: imagenes/Balancing_robot/driver_motor.jpg Graphic file (type jpg)
<use imagenes/Balancing_robot/driver_motor.jpg>
Package pdftex.def Info: imagenes/Balancing_robot/driver_motor.jpg  used on inp
ut line 454.
(pdftex.def)             Requested size: 90.33589pt x 72.2687pt.

[64

]

pdfTeX warning: pdflatex.exe (file ./imagenes/Balancing_robot/pwm_control.pdf):
 PDF inclusion: found PDF version <1.7>, but at most version <1.5> allowed
<imagenes/Balancing_robot/pwm_control.pdf, id=2400, 849.1725pt x 600.2425pt>
File: imagenes/Balancing_robot/pwm_control.pdf Graphic file (type pdf)
<use imagenes/Balancing_robot/pwm_control.pdf>
Package pdftex.def Info: imagenes/Balancing_robot/pwm_control.pdf  used on inpu
t line 462.
(pdftex.def)             Requested size: 297.21483pt x 210.08801pt.
[65

 <./imagenes/Balancing_robot/pwm_control.pdf>]
<imagenes/Balancing_robot/PWM_module.PNG, id=2438, 348.70274pt x 213.79875pt>
File: imagenes/Balancing_robot/PWM_module.PNG Graphic file (type png)
<use imagenes/Balancing_robot/PWM_module.PNG>
Package pdftex.def Info: imagenes/Balancing_robot/PWM_module.PNG  used on input
 line 469.
(pdftex.def)             Requested size: 174.35094pt x 106.89911pt.
 [66

 <./imagenes/Balancing_robot/PWM_module.PNG>]
<imagenes/altium.png, id=2465, 530.73282pt x 231.86626pt>
File: imagenes/altium.png Graphic file (type png)
<use imagenes/altium.png>
Package pdftex.def Info: imagenes/altium.png  used on input line 486.
(pdftex.def)             Requested size: 136.91603pt x 59.81677pt.
 [67

 <./imagenes/altium.png>]
File: imagenes/altium.png Graphic file (type png)
<use imagenes/altium.png>
Package pdftex.def Info: imagenes/altium.png  used on input line 486.
(pdftex.def)             Requested size: 136.91603pt x 59.81677pt.
 [68

]
File: imagenes/altium.png Graphic file (type png)
<use imagenes/altium.png>
Package pdftex.def Info: imagenes/altium.png  used on input line 486.
(pdftex.def)             Requested size: 136.91603pt x 59.81677pt.
 [69

]
File: imagenes/altium.png Graphic file (type png)
<use imagenes/altium.png>
Package pdftex.def Info: imagenes/altium.png  used on input line 486.
(pdftex.def)             Requested size: 136.91603pt x 59.81677pt.
 [70

]
File: imagenes/altium.png Graphic file (type png)
<use imagenes/altium.png>
Package pdftex.def Info: imagenes/altium.png  used on input line 486.
(pdftex.def)             Requested size: 136.91603pt x 59.81677pt.
 [71

]
<imagenes/Balancing_Robot/layers_altium.PNG, id=2593, 813.79031pt x 640.64343pt
>
File: imagenes/Balancing_Robot/layers_altium.PNG Graphic file (type png)
<use imagenes/Balancing_Robot/layers_altium.PNG>
Package pdftex.def Info: imagenes/Balancing_Robot/layers_altium.PNG  used on in
put line 493.
(pdftex.def)             Requested size: 284.83087pt x 224.22856pt.
 [72

 <./imagenes/Balancing_Robot/layers_altium.PNG>]
<imagenes/Balancing_Robot/top_3D.PNG, id=2620, 546.24075pt x 463.7325pt>
File: imagenes/Balancing_Robot/top_3D.PNG Graphic file (type png)
<use imagenes/Balancing_Robot/top_3D.PNG>
Package pdftex.def Info: imagenes/Balancing_Robot/top_3D.PNG  used on input lin
e 501.
(pdftex.def)             Requested size: 245.80606pt x 208.67769pt.
 [73

 <./imagenes/Balancing_Robot/top_3D.PNG>]
<imagenes/Balancing_Robot/bottom_3D.PNG, id=2648, 511.31026pt x 416.757pt>
File: imagenes/Balancing_Robot/bottom_3D.PNG Graphic file (type png)
<use imagenes/Balancing_Robot/bottom_3D.PNG>
Package pdftex.def Info: imagenes/Balancing_Robot/bottom_3D.PNG  used on input 
line 508.
(pdftex.def)             Requested size: 230.08748pt x 187.53891pt.
 [74

 <./imagenes/Balancing_Robot/bottom_3D.PNG>]
<imagenes/Balancing_Robot/Vista3D1.PNG, id=2675, 599.23875pt x 499.8675pt>
File: imagenes/Balancing_Robot/Vista3D1.PNG Graphic file (type png)
<use imagenes/Balancing_Robot/Vista3D1.PNG>
Package pdftex.def Info: imagenes/Balancing_Robot/Vista3D1.PNG  used on input l
ine 515.
(pdftex.def)             Requested size: 239.69125pt x 199.94345pt.
 [75

 <./imagenes/Balancing_Robot/Vista3D1.PNG>]
<imagenes/Balancing_Robot/Vista3D2.PNG, id=2701, 532.99126pt x 293.29575pt>
File: imagenes/Balancing_Robot/Vista3D2.PNG Graphic file (type png)
<use imagenes/Balancing_Robot/Vista3D2.PNG>
Package pdftex.def Info: imagenes/Balancing_Robot/Vista3D2.PNG  used on input l
ine 524.
(pdftex.def)             Requested size: 266.49498pt x 146.6475pt.
 [76

 <./imagenes/Balancing_Robot/Vista3D2.PNG>]
(main.toc) [77

]
<imagenes/Balancing_robot/finalIceStudio.png, id=2763, 1143.0705pt x 458.31226p
t>
File: imagenes/Balancing_robot/finalIceStudio.png Graphic file (type png)
<use imagenes/Balancing_robot/finalIceStudio.png>
Package pdftex.def Info: imagenes/Balancing_robot/finalIceStudio.png  used on i
nput line 532.
(pdftex.def)             Requested size: 342.9238pt x 137.49474pt.

Overfull \hbox (0.6285pt too wide) in paragraph at lines 532--532
 [] 
 []

[78

 <./imagenes/Balancing_robot/finalIceStudio.png>] [79

] (main.toc) [80

]

pdfTeX warning: pdflatex.exe (file ./imagenes/Cuadricoptero_vision/on_board.pdf
): PDF inclusion: found PDF version <1.7>, but at most version <1.5> allowed
<imagenes/Cuadricoptero_vision/on_board.pdf, id=2851, 844.15375pt x 597.23125pt
>
File: imagenes/Cuadricoptero_vision/on_board.pdf Graphic file (type pdf)
<use imagenes/Cuadricoptero_vision/on_board.pdf>
Package pdftex.def Info: imagenes/Cuadricoptero_vision/on_board.pdf  used on in
put line 547.
(pdftex.def)             Requested size: 320.78175pt x 216.13809pt.
[81

 <./imagenes/Cuadricoptero_vision/on_board.pdf>] (main.toc) [82

]
<imagenes/Cuadricoptero_vision/OV7670.jpg, id=2931, 311.1625pt x 299.1175pt>
File: imagenes/Cuadricoptero_vision/OV7670.jpg Graphic file (type jpg)
<use imagenes/Cuadricoptero_vision/OV7670.jpg>
Package pdftex.def Info: imagenes/Cuadricoptero_vision/OV7670.jpg  used on inpu
t line 566.
(pdftex.def)             Requested size: 62.23138pt x 59.82243pt.
 [83

 <./imagenes/Cuadricoptero_vision/OV7670.jpg>]
File: imagenes/Cuadricoptero_vision/OV7670.jpg Graphic file (type jpg)
<use imagenes/Cuadricoptero_vision/OV7670.jpg>
Package pdftex.def Info: imagenes/Cuadricoptero_vision/OV7670.jpg  used on inpu
t line 566.
(pdftex.def)             Requested size: 62.23138pt x 59.82243pt.
 [84

]
<imagenes/Cuadricoptero_vision/I2C_write.PNG, id=2982, 323.70938pt x 263.48438p
t>
File: imagenes/Cuadricoptero_vision/I2C_write.PNG Graphic file (type png)
<use imagenes/Cuadricoptero_vision/I2C_write.PNG>
Package pdftex.def Info: imagenes/Cuadricoptero_vision/I2C_write.PNG  used on i
nput line 573.
(pdftex.def)             Requested size: 129.48145pt x 105.39188pt.
 [85

 <./imagenes/Cuadricoptero_vision/I2C_write.PNG>]

pdfTeX warning: pdflatex.exe (file ./imagenes/Cuadricoptero_vision/I2C_WRITE.pd
f): PDF inclusion: found PDF version <1.7>, but at most version <1.5> allowed
<imagenes/Cuadricoptero_vision/I2C_WRITE.pdf, id=3010, 615.29875pt x 1520.68124
pt>
File: imagenes/Cuadricoptero_vision/I2C_WRITE.pdf Graphic file (type pdf)
<use imagenes/Cuadricoptero_vision/I2C_WRITE.pdf>
Package pdftex.def Info: imagenes/Cuadricoptero_vision/I2C_WRITE.pdf  used on i
nput line 580.
(pdftex.def)             Requested size: 141.51573pt x 231.9574pt.

Overfull \vbox (0.22018pt too high) detected at line 580
 []

[86

 <./imagenes/Cuadricoptero_vision/I2C_WRITE.pdf>] [87

] [88

] [89

] (main.toc)
[90

]

pdfTeX warning: pdflatex.exe (file ./imagenes/Cuadricoptero_vision/control_impl
ementation.pdf): PDF inclusion: found PDF version <1.7>, but at most version <1
.5> allowed
<imagenes/Cuadricoptero_vision/control_implementation.pdf, id=3165, 846.16125pt
 x 598.235pt>
File: imagenes/Cuadricoptero_vision/control_implementation.pdf Graphic file (ty
pe pdf)
<use imagenes/Cuadricoptero_vision/control_implementation.pdf>
Package pdftex.def Info: imagenes/Cuadricoptero_vision/control_implementation.p
df  used on input line 630.
(pdftex.def)             Requested size: 330.00156pt x 233.3107pt.

Overfull \vbox (1.57349pt too high) detected at line 630
 []

[91

 <./imagenes/Cuadricoptero_vision/control_implementation.pdf>] [92

] [93

]
\tf@nav=\write6
\openout6 = `main.nav'.

\tf@toc=\write7
\openout7 = `main.toc'.

\tf@snm=\write8
\openout8 = `main.snm'.

Package atveryend Info: Empty hook `BeforeClearDocument' on input line 638.
Package atveryend Info: Empty hook `AfterLastShipout' on input line 638.

(main.aux)
Package atveryend Info: Executing hook `AtVeryEndDocument' on input line 638.
Package atveryend Info: Executing hook `AtEndAfterFileList' on input line 638.
Package rerunfilecheck Info: File `main.out' has not changed.
(rerunfilecheck)             Checksum: E57E067EAE298091D28864E5B3AE8DA7;753.
 ) 
Here is how much of TeX's memory you used:
 19073 strings out of 492972
 371832 string characters out of 3126622
 433205 words of memory out of 3000000
 22261 multiletter control sequences out of 15000+200000
 12942 words of font info for 47 fonts, out of 3000000 for 9000
 1141 hyphenation exceptions out of 8191
 56i,14n,65p,790b,818s stack positions out of 5000i,500n,10000p,200000b,50000s
<C:/Users/jordo/AppData/Local/Programs/MiKTeX 2.9/fonts/type1/public/amsfonts
/cm/cmex10.pfb><C:/Users/jordo/AppData/Local/Programs/MiKTeX 2.9/fonts/type1/pu
blic/amsfonts/cm/cmmi10.pfb><C:/Users/jordo/AppData/Local/Programs/MiKTeX 2.9/f
onts/type1/public/amsfonts/cm/cmss10.pfb><C:/Users/jordo/AppData/Local/Programs
/MiKTeX 2.9/fonts/type1/public/amsfonts/cm/cmss12.pfb><C:/Users/jordo/AppData/L
ocal/Programs/MiKTeX 2.9/fonts/type1/public/amsfonts/cm/cmss8.pfb><C:/Users/jor
do/AppData/Local/Programs/MiKTeX 2.9/fonts/type1/public/amsfonts/cm/cmss9.pfb><
C:/Users/jordo/AppData/Local/Programs/MiKTeX 2.9/fonts/type1/public/amsfonts/cm
/cmssbx10.pfb><C:/Users/jordo/AppData/Local/Programs/MiKTeX 2.9/fonts/type1/pub
lic/amsfonts/cm/cmssi10.pfb><C:/Users/jordo/AppData/Local/Programs/MiKTeX 2.9/f
onts/type1/public/amsfonts/cm/cmssi8.pfb><C:/Users/jordo/AppData/Local/Programs
/MiKTeX 2.9/fonts/type1/public/amsfonts/cm/cmsy10.pfb>
Output written on main.pdf (93 pages, 9384754 bytes).
PDF statistics:
 3335 PDF objects out of 3580 (max. 8388607)
 204 named destinations out of 1000 (max. 500000)
 654 words of extra memory for PDF output out of 10000 (max. 10000000)

